<?xml version="1.0" encoding="UTF-8"?>
<!-- Generated by org.testng.reporters.JUnitXMLReporter -->
<testsuite hostname="Smita" name="Default test" tests="5" failures="0" timestamp="30 May 2016 08:28:12 GMT" time="0.046" errors="0">
  <testcase name="Case1" time="0.016" classname="package02.Test03"/>
  <testcase name="Case2" time="0.0" classname="package02.Test03"/>
  <testcase name="Case3" time="0.0" classname="package02.Test03"/>
  <testcase name="Case4" time="0.0" classname="package02.Test03"/>
  <testcase name="Case5" time="0.0" classname="package02.Test03"/>
</testsuite> <!-- Default test -->
