<?xml version="1.0" encoding="UTF-8"?>
<!-- Generated by org.testng.reporters.JUnitXMLReporter -->
<testsuite hostname="Smita" ignored="14" name="MyTests--Smita" tests="8" failures="0" timestamp="17 Nov 2017 04:35:52 GMT" time="0.093" errors="0">
  <testcase name="Case1" time="0.016" classname="package01.Test01"/>
  <testcase name="Case1" time="0.0" classname="package01.Test02"/>
  <testcase name="Case2" time="0.0" classname="package01.Test02"/>
  <testcase name="Case2" time="0.015" classname="package02.Test03"/>
  <testcase name="Case3" time="0.0" classname="package02.Test03"/>
  <testcase name="Case1" time="0.016" classname="package03.Test04"/>
  <testcase name="Case2" time="0.0" classname="package03.Test05"/>
  <testcase name="Case3" time="0.0" classname="package03.Test05"/>
  <testcase name="GridTC02" time="0.0" classname="grid.TestGrid02">
    <ignored/>
  </testcase> <!-- GridTC02 -->
  <testcase name="Case4" time="0.0" classname="package02.Test03">
    <ignored/>
  </testcase> <!-- Case4 -->
  <testcase name="TC_Google" time="0.0" classname="packageParallel.Parallel01">
    <ignored/>
  </testcase> <!-- TC_Google -->
  <testcase name="GridTC01" time="0.0" classname="grid.TestGrid01">
    <ignored/>
  </testcase> <!-- GridTC01 -->
  <testcase name="Case4" time="0.0" classname="package03.Test05">
    <ignored/>
  </testcase> <!-- Case4 -->
  <testcase name="Case1" time="0.0" classname="package02.Test03">
    <ignored/>
  </testcase> <!-- Case1 -->
  <testcase name="Case2" time="0.0" classname="package03.Test04">
    <ignored/>
  </testcase> <!-- Case2 -->
  <testcase name="Case5" time="0.0" classname="package03.Test05">
    <ignored/>
  </testcase> <!-- Case5 -->
  <testcase name="Case5" time="0.0" classname="package02.Test03">
    <ignored/>
  </testcase> <!-- Case5 -->
  <testcase name="Case1" time="0.0" classname="package03.Test05">
    <ignored/>
  </testcase> <!-- Case1 -->
  <testcase name="Case2" time="0.0" classname="package01.Test01">
    <ignored/>
  </testcase> <!-- Case2 -->
  <testcase name="Case3" time="0.0" classname="package01.Test02">
    <ignored/>
  </testcase> <!-- Case3 -->
  <testcase name="TC_Linkedin" time="0.0" classname="packageParallel.Parallel03">
    <ignored/>
  </testcase> <!-- TC_Linkedin -->
  <testcase name="TC_Facebook" time="0.0" classname="packageParallel.Parallel02">
    <ignored/>
  </testcase> <!-- TC_Facebook -->
</testsuite> <!-- MyTests-Smita -->
