<?xml version="1.0" encoding="UTF-8"?>
<!-- Generated by org.testng.reporters.JUnitXMLReporter -->
<testsuite hostname="Smita" name="Indigene testing" tests="8" failures="1" timestamp="24 May 2015 09:33:14 GMT" time="0.078" errors="0">
  <testcase name="Case1" time="0.015" classname="package01.Test01"/>
  <testcase name="Case1" time="0.0" classname="package01.Test02"/>
  <testcase name="Case2" time="0.0" classname="package01.Test02"/>
  <testcase name="Case2" time="0.0" classname="package02.Test03"/>
  <testcase name="Case3" time="0.016" classname="package02.Test03"/>
  <testcase name="Case1" time="0.0" classname="package03.Test04"/>
  <testcase name="Case2" time="0.0" classname="package03.Test05">
    <failure type="java.lang.AssertionError" message="expected [b] but found [a]">
      <![CDATA[java.lang.AssertionError: expected [b] but found [a]
	at package03.Test05.Case2(Test05.java:19)
... Removed 29 stack frames]]>
    </failure>
  </testcase> <!-- Case2 -->
  <testcase name="Case3" time="0.0" classname="package03.Test05"/>
</testsuite> <!-- Indigene testing -->
