<?xml version="1.0" encoding="UTF-8"?>
<testng-results ignored="0" total="1" passed="1" failed="0" skipped="0">
  <reporter-output>
  </reporter-output>
  <suite started-at="2018-07-19T06:46:42Z" name="Default suite" finished-at="2018-07-19T06:47:07Z" duration-ms="24337">
    <groups>
    </groups>
    <test started-at="2018-07-19T06:46:42Z" name="Default test" finished-at="2018-07-19T06:47:07Z" duration-ms="24337">
      <class name="mavenPackage.MyMavenTest">
        <test-method is-config="true" signature="Open()[pri:0, instance:mavenPackage.MyMavenTest@506ae4d4]" started-at="2018-07-19T06:46:42Z" name="Open" finished-at="2018-07-19T06:46:52Z" duration-ms="10103" status="PASS">
          <reporter-output>
          </reporter-output>
        </test-method> <!-- Open -->
        <test-method signature="TestCase01()[pri:0, instance:mavenPackage.MyMavenTest@506ae4d4]" started-at="2018-07-19T06:46:52Z" name="TestCase01" finished-at="2018-07-19T06:47:04Z" duration-ms="11967" status="PASS">
          <reporter-output>
          </reporter-output>
        </test-method> <!-- TestCase01 -->
        <test-method is-config="true" signature="Close()[pri:0, instance:mavenPackage.MyMavenTest@506ae4d4]" started-at="2018-07-19T06:47:04Z" name="Close" finished-at="2018-07-19T06:47:07Z" duration-ms="2213" status="PASS">
          <reporter-output>
          </reporter-output>
        </test-method> <!-- Close -->
      </class> <!-- mavenPackage.MyMavenTest -->
    </test> <!-- Default test -->
  </suite> <!-- Default suite -->
</testng-results>
