<?xml version="1.0" encoding="UTF-8"?>
<!-- Generated by org.testng.reporters.JUnitXMLReporter -->
<testsuite hostname="Smita" name="MyTests--Oracle" tests="8" failures="0" timestamp="12 Feb 2016 06:08:46 GMT" time="0.125" errors="0">
  <testcase name="Case1" time="0.031" classname="package01.Test01"/>
  <testcase name="Case1" time="0.016" classname="package01.Test02"/>
  <testcase name="Case2" time="0.015" classname="package01.Test02"/>
  <testcase name="Case2" time="0.0" classname="package02.Test03"/>
  <testcase name="Case3" time="0.0" classname="package02.Test03"/>
  <testcase name="Case1" time="0.0" classname="package03.Test04"/>
  <testcase name="Case2" time="0.0" classname="package03.Test05"/>
  <testcase name="Case3" time="0.0" classname="package03.Test05"/>
</testsuite> <!-- MyTests-Oracle -->
