<?xml version="1.0" encoding="UTF-8"?>
<!-- Generated by org.testng.reporters.JUnitXMLReporter -->
<testsuite ignored="1" hostname="Smita" failures="0" tests="2" name="First Test" time="0.054" errors="0" timestamp="18 Jul 2018 11:28:01 GMT">
  <testcase classname="package01.Test02" name="Case1" time="0.016"/>
  <testcase classname="package01.Test02" name="Case2" time="0.0"/>
  <testcase classname="package01.Test02" name="Case3" time="0.0">
    <ignored/>
  </testcase> <!-- Case3 -->
</testsuite> <!-- First Test -->
