<?xml version="1.0" encoding="UTF-8"?>
<!-- Generated by org.testng.reporters.JUnitXMLReporter -->
<testsuite ignored="4" hostname="Smita" failures="0" tests="1" name="Second Test" time="0.0" errors="0" timestamp="18 Jul 2018 11:28:01 GMT">
  <testcase classname="package02.Test03" name="Case4" time="0.0"/>
  <testcase classname="package02.Test03" name="Case3" time="0.0">
    <ignored/>
  </testcase> <!-- Case3 -->
  <testcase classname="package02.Test03" name="Case1" time="0.0">
    <ignored/>
  </testcase> <!-- Case1 -->
  <testcase classname="package02.Test03" name="Case2" time="0.0">
    <ignored/>
  </testcase> <!-- Case2 -->
  <testcase classname="package02.Test03" name="Case5" time="0.0">
    <ignored/>
  </testcase> <!-- Case5 -->
</testsuite> <!-- Second Test -->
