<?xml version="1.0" encoding="UTF-8"?>
<!-- Generated by org.testng.reporters.JUnitXMLReporter -->
<testsuite ignored="0" hostname="Smita" failures="0" tests="4" name="Test" time="66.89" errors="0" timestamp="15 Mar 2018 09:12:24 GMT">
  <testcase classname="packPageObject.SoftestRunner" name="testLogin" time="48.334"/>
  <testcase classname="packPageObject.SoftestRunner" name="testLogin" time="3.075"/>
  <testcase classname="packPageObject.SoftestRunner" name="testLogin" time="3.694"/>
  <testcase classname="packPageObject.SoftestRunner" name="testLogin" time="5.985"/>
</testsuite> <!-- Test -->
