<?xml version="1.0" encoding="UTF-8"?>
<!-- Generated by org.testng.reporters.JUnitXMLReporter -->
<testsuite hostname="BLRLCRIGVEDA08" ignored="0" name="GeneratedFromTestNG" tests="17" failures="0" timestamp="25 Oct 2018 09:56:55 GMT" time="0.122" errors="0">
  <testcase name="Case1" time="0.007" classname="package02.Test03"/>
  <testcase name="Case2" time="0.003" classname="package02.Test03"/>
  <testcase name="Case3" time="0.003" classname="package02.Test03"/>
  <testcase name="Case4" time="0.002" classname="package02.Test03"/>
  <testcase name="Case5" time="0.002" classname="package02.Test03"/>
  <testcase name="Case1" time="0.001" classname="package03.Test05"/>
  <testcase name="Case2" time="0.001" classname="package03.Test05"/>
  <testcase name="Case3" time="0.002" classname="package03.Test05"/>
  <testcase name="Case4" time="0.003" classname="package03.Test05"/>
  <testcase name="Case5" time="0.002" classname="package03.Test05"/>
  <testcase name="Case1" time="0.004" classname="package01.Test01"/>
  <testcase name="Case2" time="0.001" classname="package01.Test01"/>
  <testcase name="Case1" time="0.002" classname="package01.Test02"/>
  <testcase name="Case2" time="0.002" classname="package01.Test02"/>
  <testcase name="Case3" time="0.003" classname="package01.Test02"/>
  <testcase name="Case1" time="0.002" classname="package03.Test04"/>
  <testcase name="Case2" time="0.002" classname="package03.Test04"/>
</testsuite> <!-- GeneratedFromTestNG -->
