<?xml version="1.0" encoding="UTF-8"?>
<!-- Generated by org.testng.reporters.JUnitXMLReporter -->
<testsuite hostname="smita-PC2" name="Test Case 02" tests="5" failures="0" timestamp="12 Nov 2014 08:29:27 GMT" time="0.032" errors="0">
  <testcase name="Case1" time="0.0" classname="package02.Test03"/>
  <testcase name="Case2" time="0.0" classname="package02.Test03"/>
  <testcase name="Case3" time="0.0" classname="package02.Test03"/>
  <testcase name="Case4" time="0.0" classname="package02.Test03"/>
  <testcase name="Case5" time="0.0" classname="package02.Test03"/>
</testsuite> <!-- Test Case 02 -->
