<?xml version="1.0" encoding="UTF-8"?>
<!-- Generated by org.testng.reporters.JUnitXMLReporter -->
<testsuite hostname="smita-PC2" name="Test Case 03" tests="7" failures="1" timestamp="12 Nov 2014 08:29:27 GMT" time="0.015" errors="0">
  <testcase name="@AfterMethod TestAfterMethod" time="0.0" classname="package03.Test05">
    <failure type="java.lang.NullPointerException">
      <![CDATA[java.lang.NullPointerException
	at generic.HtmlReport.TestAfterMethod(HtmlReport.java:33)
... Removed 26 stack frames]]>
    </failure>
  </testcase> <!-- @AfterMethod TestAfterMethod -->
  <testcase name="@AfterMethod TestAfterMethod" time="0.0" classname="package03.Test05">
    <skipped/>
  </testcase> <!-- @AfterMethod TestAfterMethod -->
  <testcase name="@AfterMethod TestAfterMethod" time="0.0" classname="package03.Test05">
    <skipped/>
  </testcase> <!-- @AfterMethod TestAfterMethod -->
  <testcase name="@AfterMethod TestAfterMethod" time="0.0" classname="package03.Test05">
    <skipped/>
  </testcase> <!-- @AfterMethod TestAfterMethod -->
  <testcase name="Case1" time="0.0" classname="package03.Test04"/>
  <testcase name="Case2" time="0.0" classname="package03.Test04"/>
  <testcase name="Case1" time="0.0" classname="package03.Test05"/>
  <testcase name="Case2" time="0.0" classname="package03.Test05">
    <failure type="java.lang.AssertionError" message="expected [b] but found [a]">
      <![CDATA[java.lang.AssertionError: expected [b] but found [a]
	at package03.Test05.Case2(Test05.java:19)
... Removed 29 stack frames]]>
    </failure>
  </testcase> <!-- Case2 -->
  <testcase name="Case3" time="0.0" classname="package03.Test05">
    <skipped/>
  </testcase> <!-- Case3 -->
  <testcase name="Case4" time="0.0" classname="package03.Test05">
    <skipped/>
  </testcase> <!-- Case4 -->
  <testcase name="Case5" time="0.0" classname="package03.Test05">
    <skipped/>
  </testcase> <!-- Case5 -->
</testsuite> <!-- Test Case 03 -->
