<?xml version="1.0" encoding="UTF-8"?>
<!-- Generated by org.testng.reporters.JUnitXMLReporter -->
<testsuite hostname="Smita" name="testing" tests="9" failures="0" timestamp="16 Apr 2015 17:24:27 GMT" time="0.235" errors="0">
  <testcase name="Case2" time="0.047" classname="package01.Test01"/>
  <testcase name="Case3" time="0.0" classname="package01.Test02"/>
  <testcase name="Case1" time="0.016" classname="package02.Test03"/>
  <testcase name="Case4" time="0.0" classname="package02.Test03"/>
  <testcase name="Case5" time="0.016" classname="package02.Test03"/>
  <testcase name="Case2" time="0.0" classname="package03.Test04"/>
  <testcase name="Case1" time="0.0" classname="package03.Test05"/>
  <testcase name="Case4" time="0.015" classname="package03.Test05"/>
  <testcase name="Case5" time="0.0" classname="package03.Test05"/>
</testsuite> <!-- testing -->
