<?xml version="1.0" encoding="UTF-8"?>
<!-- Generated by org.testng.reporters.JUnitXMLReporter -->
<testsuite ignored="0" hostname="Smita" failures="2" tests="3" name="Test" time="35.445" errors="0" timestamp="19 Jul 2018 09:12:55 GMT">
  <testcase classname="mavenPackage.MyMavenTest" name="TestCase01" time="12.198"/>
  <testcase classname="mavenPackage.MyMavenTest" name="TestCase02" time="6.703">
    <failure type="java.lang.AssertionError" message="expected [true] but found [false]">
      <![CDATA[java.lang.AssertionError: expected [true] but found [false]
at mavenPackage.MyMavenTest.TestCase02(MyMavenTest.java:27)
... Removed 33 stack frames]]>
    </failure>
  </testcase> <!-- TestCase02 -->
  <testcase classname="mavenPackage.MyMavenTest" name="TestCase03" time="3.152">
    <failure type="java.lang.AssertionError" message="expected [Google] but found [Goooogle]">
      <![CDATA[java.lang.AssertionError: expected [Google] but found [Goooogle]
at mavenPackage.MyMavenTest.TestCase03(MyMavenTest.java:37)
... Removed 35 stack frames]]>
    </failure>
  </testcase> <!-- TestCase03 -->
</testsuite> <!-- Test -->
