<?xml version="1.0" encoding="UTF-8"?>
<!-- Generated by org.testng.reporters.JUnitXMLReporter -->
<testsuite hostname="BLRLCRIGVEDA08" ignored="0" name="Default test" tests="3" failures="0" timestamp="25 Oct 2018 08:45:27 GMT" time="67.197" errors="0">
  <testcase name="GoogleDDT" time="38.193" classname="day4Package.ExampleGoogleSearchUsingDDT"/>
  <testcase name="GoogleDDT" time="7.533" classname="day4Package.ExampleGoogleSearchUsingDDT"/>
  <testcase name="GoogleDDT" time="17.716" classname="day4Package.ExampleGoogleSearchUsingDDT"/>
</testsuite> <!-- Default test -->
