<?xml version="1.0" encoding="UTF-8"?>
<testng-results ignored="0" total="4" passed="4" failed="0" skipped="0">
  <reporter-output>
    <line>
      <![CDATA[https://software.microfocus.com/es-es/products/unified-functional-automated-testing/overview]]>
    </line>
    <line>
      <![CDATA[<p><font color="green">Method googlePack.GoogleMain_testLogin   PASSED</p>]]>
    </line>
    <line>
      <![CDATA[passed]]>
    </line>
    <line>
      <![CDATA[https://www.seleniumhq.org/]]>
    </line>
    <line>
      <![CDATA[<p><font color="green">Method googlePack.GoogleMain_testLogin   PASSED</p>]]>
    </line>
    <line>
      <![CDATA[passed]]>
    </line>
    <line>
      <![CDATA[https://jmeter.apache.org/]]>
    </line>
    <line>
      <![CDATA[<p><font color="green">Method googlePack.GoogleMain_testLogin   PASSED</p>]]>
    </line>
    <line>
      <![CDATA[passed]]>
    </line>
    <line>
      <![CDATA[https://en.wikipedia.org/wiki/Application_lifecycle_management]]>
    </line>
    <line>
      <![CDATA[<p><font color="green">Method googlePack.GoogleMain_testLogin   PASSED</p>]]>
    </line>
    <line>
      <![CDATA[passed]]>
    </line>
  </reporter-output>
  <suite started-at="2018-06-29T06:15:50Z" name="Suite" finished-at="2018-06-29T06:16:38Z" duration-ms="47700">
    <groups>
    </groups>
    <test started-at="2018-06-29T06:15:50Z" name="Test" finished-at="2018-06-29T06:16:38Z" duration-ms="47700">
      <class name="googlePack.GoogleMain">
        <test-method is-config="true" signature="OpenBrowser(java.lang.String)[pri:0, instance:googlePack.GoogleMain@25fb8912]" started-at="2018-06-29T06:15:50Z" name="OpenBrowser" finished-at="2018-06-29T06:15:59Z" duration-ms="9447" status="PASS">
          <params>
            <param index="0">
              <value>
                <![CDATA[ff]]>
              </value>
            </param>
          </params>
          <reporter-output>
          </reporter-output>
        </test-method> <!-- OpenBrowser -->
        <test-method is-config="true" signature="initElem()[pri:0, instance:googlePack.GoogleMain@25fb8912]" started-at="2018-06-29T06:16:00Z" name="initElem" finished-at="2018-06-29T06:16:00Z" duration-ms="24" status="PASS">
          <reporter-output>
          </reporter-output>
        </test-method> <!-- initElem -->
        <test-method signature="testLogin(java.lang.String)[pri:0, instance:googlePack.GoogleMain@25fb8912]" started-at="2018-06-29T06:16:00Z" name="testLogin" data-provider="Google" finished-at="2018-06-29T06:16:19Z" duration-ms="18518" status="PASS">
          <params>
            <param index="0">
              <value>
                <![CDATA[UFT]]>
              </value>
            </param>
          </params>
          <reporter-output>
            <line>
              <![CDATA[https://software.microfocus.com/es-es/products/unified-functional-automated-testing/overview]]>
            </line>
          </reporter-output>
        </test-method> <!-- testLogin -->
        <test-method is-config="true" signature="TestAfterMethod(org.testng.ITestResult)[pri:0, instance:googlePack.GoogleMain@25fb8912]" started-at="2018-06-29T06:16:19Z" name="TestAfterMethod" finished-at="2018-06-29T06:16:19Z" duration-ms="3" status="PASS">
          <params>
            <param index="0">
              <value>
                <![CDATA[[TestResult name=testLogin status=SUCCESS method=GoogleMain.testLogin(java.lang.String)[pri:0, instance:googlePack.GoogleMain@25fb8912] output=https://software.microfocus.com/es-es/products/unified-functional-automated-testing/overview]]]>
              </value>
            </param>
          </params>
          <reporter-output>
            <line>
              <![CDATA[<p><font color="green">Method googlePack.GoogleMain_testLogin   PASSED</p>]]>
            </line>
            <line>
              <![CDATA[passed]]>
            </line>
          </reporter-output>
        </test-method> <!-- TestAfterMethod -->
        <test-method is-config="true" signature="initElem()[pri:0, instance:googlePack.GoogleMain@25fb8912]" started-at="2018-06-29T06:16:19Z" name="initElem" finished-at="2018-06-29T06:16:19Z" duration-ms="1" status="PASS">
          <reporter-output>
          </reporter-output>
        </test-method> <!-- initElem -->
        <test-method signature="testLogin(java.lang.String)[pri:0, instance:googlePack.GoogleMain@25fb8912]" started-at="2018-06-29T06:16:19Z" name="testLogin" data-provider="Google" finished-at="2018-06-29T06:16:24Z" duration-ms="5546" status="PASS">
          <params>
            <param index="0">
              <value>
                <![CDATA[Selenium]]>
              </value>
            </param>
          </params>
          <reporter-output>
            <line>
              <![CDATA[https://www.seleniumhq.org/]]>
            </line>
          </reporter-output>
        </test-method> <!-- testLogin -->
        <test-method is-config="true" signature="TestAfterMethod(org.testng.ITestResult)[pri:0, instance:googlePack.GoogleMain@25fb8912]" started-at="2018-06-29T06:16:24Z" name="TestAfterMethod" finished-at="2018-06-29T06:16:24Z" duration-ms="1" status="PASS">
          <params>
            <param index="0">
              <value>
                <![CDATA[[TestResult name=testLogin status=SUCCESS method=GoogleMain.testLogin(java.lang.String)[pri:0, instance:googlePack.GoogleMain@25fb8912] output=https://www.seleniumhq.org/]]]>
              </value>
            </param>
          </params>
          <reporter-output>
            <line>
              <![CDATA[<p><font color="green">Method googlePack.GoogleMain_testLogin   PASSED</p>]]>
            </line>
            <line>
              <![CDATA[passed]]>
            </line>
          </reporter-output>
        </test-method> <!-- TestAfterMethod -->
        <test-method is-config="true" signature="initElem()[pri:0, instance:googlePack.GoogleMain@25fb8912]" started-at="2018-06-29T06:16:24Z" name="initElem" finished-at="2018-06-29T06:16:24Z" duration-ms="2" status="PASS">
          <reporter-output>
          </reporter-output>
        </test-method> <!-- initElem -->
        <test-method signature="testLogin(java.lang.String)[pri:0, instance:googlePack.GoogleMain@25fb8912]" started-at="2018-06-29T06:16:24Z" name="testLogin" data-provider="Google" finished-at="2018-06-29T06:16:31Z" duration-ms="6887" status="PASS">
          <params>
            <param index="0">
              <value>
                <![CDATA[Jmeter]]>
              </value>
            </param>
          </params>
          <reporter-output>
            <line>
              <![CDATA[https://jmeter.apache.org/]]>
            </line>
          </reporter-output>
        </test-method> <!-- testLogin -->
        <test-method is-config="true" signature="TestAfterMethod(org.testng.ITestResult)[pri:0, instance:googlePack.GoogleMain@25fb8912]" started-at="2018-06-29T06:16:31Z" name="TestAfterMethod" finished-at="2018-06-29T06:16:31Z" duration-ms="1" status="PASS">
          <params>
            <param index="0">
              <value>
                <![CDATA[[TestResult name=testLogin status=SUCCESS method=GoogleMain.testLogin(java.lang.String)[pri:0, instance:googlePack.GoogleMain@25fb8912] output=https://jmeter.apache.org/]]]>
              </value>
            </param>
          </params>
          <reporter-output>
            <line>
              <![CDATA[<p><font color="green">Method googlePack.GoogleMain_testLogin   PASSED</p>]]>
            </line>
            <line>
              <![CDATA[passed]]>
            </line>
          </reporter-output>
        </test-method> <!-- TestAfterMethod -->
        <test-method is-config="true" signature="initElem()[pri:0, instance:googlePack.GoogleMain@25fb8912]" started-at="2018-06-29T06:16:31Z" name="initElem" finished-at="2018-06-29T06:16:31Z" duration-ms="1" status="PASS">
          <reporter-output>
          </reporter-output>
        </test-method> <!-- initElem -->
        <test-method signature="testLogin(java.lang.String)[pri:0, instance:googlePack.GoogleMain@25fb8912]" started-at="2018-06-29T06:16:31Z" name="testLogin" data-provider="Google" finished-at="2018-06-29T06:16:35Z" duration-ms="4264" status="PASS">
          <params>
            <param index="0">
              <value>
                <![CDATA[ALM]]>
              </value>
            </param>
          </params>
          <reporter-output>
            <line>
              <![CDATA[https://en.wikipedia.org/wiki/Application_lifecycle_management]]>
            </line>
          </reporter-output>
        </test-method> <!-- testLogin -->
        <test-method is-config="true" signature="TestAfterMethod(org.testng.ITestResult)[pri:0, instance:googlePack.GoogleMain@25fb8912]" started-at="2018-06-29T06:16:35Z" name="TestAfterMethod" finished-at="2018-06-29T06:16:35Z" duration-ms="1" status="PASS">
          <params>
            <param index="0">
              <value>
                <![CDATA[[TestResult name=testLogin status=SUCCESS method=GoogleMain.testLogin(java.lang.String)[pri:0, instance:googlePack.GoogleMain@25fb8912] output=https://en.wikipedia.org/wiki/Application_lifecycle_management]]]>
              </value>
            </param>
          </params>
          <reporter-output>
            <line>
              <![CDATA[<p><font color="green">Method googlePack.GoogleMain_testLogin   PASSED</p>]]>
            </line>
            <line>
              <![CDATA[passed]]>
            </line>
          </reporter-output>
        </test-method> <!-- TestAfterMethod -->
        <test-method is-config="true" signature="CloseBrowser()[pri:0, instance:googlePack.GoogleMain@25fb8912]" started-at="2018-06-29T06:16:35Z" name="CloseBrowser" finished-at="2018-06-29T06:16:38Z" duration-ms="2258" status="PASS">
          <reporter-output>
          </reporter-output>
        </test-method> <!-- CloseBrowser -->
      </class> <!-- googlePack.GoogleMain -->
    </test> <!-- Test -->
  </suite> <!-- Suite -->
</testng-results>
