<?xml version="1.0" encoding="UTF-8"?>
<!-- Generated by org.testng.reporters.JUnitXMLReporter -->
<testsuite ignored="0" hostname="BLRLCRIGVEDA08" failures="0" tests="4" name="Test" time="304.63" errors="0" timestamp="26 Oct 2018 06:02:49 GMT">
  <testcase classname="packPageObject.SoftestRunner" name="testLogin" time="209.904"/>
  <testcase classname="packPageObject.SoftestRunner" name="testLogin" time="22.502"/>
  <testcase classname="packPageObject.SoftestRunner" name="testLogin" time="22.606"/>
  <testcase classname="packPageObject.SoftestRunner" name="testLogin" time="44.952"/>
</testsuite> <!-- Test -->
