<?xml version="1.0" encoding="UTF-8"?>
<testng-results ignored="0" total="4" passed="4" failed="0" skipped="0">
  <reporter-output>
    <line>
      <![CDATA[HOME : ]]>
    </line>
    <line>
      <![CDATA[Home Page : http://softest-training.com/]]>
    </line>
    <line>
      <![CDATA[Logo is Displayed : true]]>
    </line>
    <line>
      <![CDATA[Login Type : Valid]]>
    </line>
    <line>
      <![CDATA[UserName : smita]]>
    </line>
    <line>
      <![CDATA[Password : password@12]]>
    </line>
    <line>
      <![CDATA[Clicked Submit]]>
    </line>
    <line>
      <![CDATA[Page after Login is : http://softest-training.com/student/student_home.php]]>
    </line>
    <line>
      <![CDATA[Message displayed : sk - smita | Sign Out]]>
    </line>
    <line>
      <![CDATA[Back to Home after SignOut :http://softest-training.com/index.php]]>
    </line>
    <line>
      <![CDATA[Home Page : http://softest-training.com/index.php]]>
    </line>
    <line>
      <![CDATA[<p><font color="green">Method packPageObject.SoftestRunner_testLogin   PASSED</p>]]>
    </line>
    <line>
      <![CDATA[passed]]>
    </line>
    <line>
      <![CDATA[HOME : ]]>
    </line>
    <line>
      <![CDATA[Home Page : http://softest-training.com/]]>
    </line>
    <line>
      <![CDATA[Logo is Displayed : true]]>
    </line>
    <line>
      <![CDATA[Login Type : Invalid]]>
    </line>
    <line>
      <![CDATA[UserName : smita]]>
    </line>
    <line>
      <![CDATA[Password : invalid]]>
    </line>
    <line>
      <![CDATA[Clicked Submit]]>
    </line>
    <line>
      <![CDATA[Page after Login is : http://softest-training.com/student/login.php]]>
    </line>
    <line>
      <![CDATA[Message displayed: Failed to login]]>
    </line>
    <line>
      <![CDATA[<p><font color="green">Method packPageObject.SoftestRunner_testLogin   PASSED</p>]]>
    </line>
    <line>
      <![CDATA[passed]]>
    </line>
    <line>
      <![CDATA[HOME : ]]>
    </line>
    <line>
      <![CDATA[Home Page : http://softest-training.com/]]>
    </line>
    <line>
      <![CDATA[Logo is Displayed : true]]>
    </line>
    <line>
      <![CDATA[Login Type : Invalid]]>
    </line>
    <line>
      <![CDATA[UserName : invalid]]>
    </line>
    <line>
      <![CDATA[Password : password@12]]>
    </line>
    <line>
      <![CDATA[Clicked Submit]]>
    </line>
    <line>
      <![CDATA[Page after Login is : http://softest-training.com/student/login.php]]>
    </line>
    <line>
      <![CDATA[Message displayed: Failed to login]]>
    </line>
    <line>
      <![CDATA[<p><font color="green">Method packPageObject.SoftestRunner_testLogin   PASSED</p>]]>
    </line>
    <line>
      <![CDATA[passed]]>
    </line>
    <line>
      <![CDATA[HOME : ]]>
    </line>
    <line>
      <![CDATA[Home Page : http://softest-training.com/]]>
    </line>
    <line>
      <![CDATA[Logo is Displayed : true]]>
    </line>
    <line>
      <![CDATA[Login Type : Valid]]>
    </line>
    <line>
      <![CDATA[UserName : smita]]>
    </line>
    <line>
      <![CDATA[Password : password@12]]>
    </line>
    <line>
      <![CDATA[Clicked Submit]]>
    </line>
    <line>
      <![CDATA[Page after Login is : http://softest-training.com/student/student_home.php]]>
    </line>
    <line>
      <![CDATA[Message displayed : sk - smita | Sign Out]]>
    </line>
    <line>
      <![CDATA[Back to Home after SignOut :http://softest-training.com/index.php]]>
    </line>
    <line>
      <![CDATA[Home Page : http://softest-training.com/index.php]]>
    </line>
    <line>
      <![CDATA[<p><font color="green">Method packPageObject.SoftestRunner_testLogin   PASSED</p>]]>
    </line>
    <line>
      <![CDATA[passed]]>
    </line>
  </reporter-output>
  <suite started-at="2018-10-26T05:57:44Z" name="Suite" finished-at="2018-10-26T06:02:49Z" duration-ms="304630">
    <groups>
    </groups>
    <test started-at="2018-10-26T05:57:44Z" name="Test" finished-at="2018-10-26T06:02:49Z" duration-ms="304630">
      <class name="packPageObject.SoftestRunner">
        <test-method is-config="true" signature="OpenBrowser(java.lang.String)[pri:0, instance:packPageObject.SoftestRunner@7bd4937b]" started-at="2018-10-26T05:57:44Z" name="OpenBrowser" finished-at="2018-10-26T05:57:47Z" duration-ms="2400" status="PASS">
          <params>
            <param index="0">
              <value>
                <![CDATA[ch]]>
              </value>
            </param>
          </params>
          <reporter-output>
          </reporter-output>
        </test-method> <!-- OpenBrowser -->
        <test-method is-config="true" signature="initElem()[pri:0, instance:packPageObject.SoftestRunner@7bd4937b]" started-at="2018-10-26T05:57:48Z" name="initElem" finished-at="2018-10-26T05:57:48Z" duration-ms="41" status="PASS">
          <reporter-output>
          </reporter-output>
        </test-method> <!-- initElem -->
        <test-method signature="testLogin(java.lang.String, java.lang.String, java.lang.String, java.lang.String, java.lang.String)[pri:0, instance:packPageObject.SoftestRunner@7bd4937b]" started-at="2018-10-26T05:57:48Z" name="testLogin" data-provider="DP-XL" finished-at="2018-10-26T06:01:18Z" duration-ms="209904" status="PASS">
          <params>
            <param index="0">
              <value>
                <![CDATA[smita]]>
              </value>
            </param>
            <param index="1">
              <value>
                <![CDATA[password@12]]>
              </value>
            </param>
            <param index="2">
              <value>
                <![CDATA[smita]]>
              </value>
            </param>
            <param index="3">
              <value>
                <![CDATA[student_home.php]]>
              </value>
            </param>
            <param index="4">
              <value>
                <![CDATA[Valid]]>
              </value>
            </param>
          </params>
          <reporter-output>
            <line>
              <![CDATA[HOME : ]]>
            </line>
            <line>
              <![CDATA[Home Page : http://softest-training.com/]]>
            </line>
            <line>
              <![CDATA[Logo is Displayed : true]]>
            </line>
            <line>
              <![CDATA[Login Type : Valid]]>
            </line>
            <line>
              <![CDATA[UserName : smita]]>
            </line>
            <line>
              <![CDATA[Password : password@12]]>
            </line>
            <line>
              <![CDATA[Clicked Submit]]>
            </line>
            <line>
              <![CDATA[Page after Login is : http://softest-training.com/student/student_home.php]]>
            </line>
            <line>
              <![CDATA[Message displayed : sk - smita | Sign Out]]>
            </line>
            <line>
              <![CDATA[Back to Home after SignOut :http://softest-training.com/index.php]]>
            </line>
            <line>
              <![CDATA[Home Page : http://softest-training.com/index.php]]>
            </line>
          </reporter-output>
        </test-method> <!-- testLogin -->
        <test-method is-config="true" signature="TestAfterMethod(org.testng.ITestResult)[pri:0, instance:packPageObject.SoftestRunner@7bd4937b]" started-at="2018-10-26T06:01:18Z" name="TestAfterMethod" finished-at="2018-10-26T06:01:18Z" duration-ms="2" status="PASS">
          <params>
            <param index="0">
              <value>
                <![CDATA[[TestResult name=testLogin status=SUCCESS method=SoftestRunner.testLogin(java.lang.String, java.lang.String, java.lang.String, java.lang.String, java.lang.String)[pri:0, instance:packPageObject.SoftestRunner@7bd4937b] output=HOME : ]]]>
              </value>
            </param>
          </params>
          <reporter-output>
            <line>
              <![CDATA[<p><font color="green">Method packPageObject.SoftestRunner_testLogin   PASSED</p>]]>
            </line>
            <line>
              <![CDATA[passed]]>
            </line>
          </reporter-output>
        </test-method> <!-- TestAfterMethod -->
        <test-method is-config="true" signature="initElem()[pri:0, instance:packPageObject.SoftestRunner@7bd4937b]" started-at="2018-10-26T06:01:18Z" name="initElem" finished-at="2018-10-26T06:01:18Z" duration-ms="1" status="PASS">
          <reporter-output>
          </reporter-output>
        </test-method> <!-- initElem -->
        <test-method signature="testLogin(java.lang.String, java.lang.String, java.lang.String, java.lang.String, java.lang.String)[pri:0, instance:packPageObject.SoftestRunner@7bd4937b]" started-at="2018-10-26T06:01:18Z" name="testLogin" data-provider="DP-XL" finished-at="2018-10-26T06:01:41Z" duration-ms="22502" status="PASS">
          <params>
            <param index="0">
              <value>
                <![CDATA[smita]]>
              </value>
            </param>
            <param index="1">
              <value>
                <![CDATA[invalid]]>
              </value>
            </param>
            <param index="2">
              <value>
                <![CDATA[Failed to login]]>
              </value>
            </param>
            <param index="3">
              <value>
                <![CDATA[login.php]]>
              </value>
            </param>
            <param index="4">
              <value>
                <![CDATA[Invalid]]>
              </value>
            </param>
          </params>
          <reporter-output>
            <line>
              <![CDATA[HOME : ]]>
            </line>
            <line>
              <![CDATA[Home Page : http://softest-training.com/]]>
            </line>
            <line>
              <![CDATA[Logo is Displayed : true]]>
            </line>
            <line>
              <![CDATA[Login Type : Invalid]]>
            </line>
            <line>
              <![CDATA[UserName : smita]]>
            </line>
            <line>
              <![CDATA[Password : invalid]]>
            </line>
            <line>
              <![CDATA[Clicked Submit]]>
            </line>
            <line>
              <![CDATA[Page after Login is : http://softest-training.com/student/login.php]]>
            </line>
            <line>
              <![CDATA[Message displayed: Failed to login]]>
            </line>
          </reporter-output>
        </test-method> <!-- testLogin -->
        <test-method is-config="true" signature="TestAfterMethod(org.testng.ITestResult)[pri:0, instance:packPageObject.SoftestRunner@7bd4937b]" started-at="2018-10-26T06:01:41Z" name="TestAfterMethod" finished-at="2018-10-26T06:01:41Z" duration-ms="4" status="PASS">
          <params>
            <param index="0">
              <value>
                <![CDATA[[TestResult name=testLogin status=SUCCESS method=SoftestRunner.testLogin(java.lang.String, java.lang.String, java.lang.String, java.lang.String, java.lang.String)[pri:0, instance:packPageObject.SoftestRunner@7bd4937b] output=HOME : ]]]>
              </value>
            </param>
          </params>
          <reporter-output>
            <line>
              <![CDATA[<p><font color="green">Method packPageObject.SoftestRunner_testLogin   PASSED</p>]]>
            </line>
            <line>
              <![CDATA[passed]]>
            </line>
          </reporter-output>
        </test-method> <!-- TestAfterMethod -->
        <test-method is-config="true" signature="initElem()[pri:0, instance:packPageObject.SoftestRunner@7bd4937b]" started-at="2018-10-26T06:01:41Z" name="initElem" finished-at="2018-10-26T06:01:41Z" duration-ms="1" status="PASS">
          <reporter-output>
          </reporter-output>
        </test-method> <!-- initElem -->
        <test-method signature="testLogin(java.lang.String, java.lang.String, java.lang.String, java.lang.String, java.lang.String)[pri:0, instance:packPageObject.SoftestRunner@7bd4937b]" started-at="2018-10-26T06:01:41Z" name="testLogin" data-provider="DP-XL" finished-at="2018-10-26T06:02:03Z" duration-ms="22606" status="PASS">
          <params>
            <param index="0">
              <value>
                <![CDATA[invalid]]>
              </value>
            </param>
            <param index="1">
              <value>
                <![CDATA[password@12]]>
              </value>
            </param>
            <param index="2">
              <value>
                <![CDATA[Failed to login]]>
              </value>
            </param>
            <param index="3">
              <value>
                <![CDATA[login.php]]>
              </value>
            </param>
            <param index="4">
              <value>
                <![CDATA[Invalid]]>
              </value>
            </param>
          </params>
          <reporter-output>
            <line>
              <![CDATA[HOME : ]]>
            </line>
            <line>
              <![CDATA[Home Page : http://softest-training.com/]]>
            </line>
            <line>
              <![CDATA[Logo is Displayed : true]]>
            </line>
            <line>
              <![CDATA[Login Type : Invalid]]>
            </line>
            <line>
              <![CDATA[UserName : invalid]]>
            </line>
            <line>
              <![CDATA[Password : password@12]]>
            </line>
            <line>
              <![CDATA[Clicked Submit]]>
            </line>
            <line>
              <![CDATA[Page after Login is : http://softest-training.com/student/login.php]]>
            </line>
            <line>
              <![CDATA[Message displayed: Failed to login]]>
            </line>
          </reporter-output>
        </test-method> <!-- testLogin -->
        <test-method is-config="true" signature="TestAfterMethod(org.testng.ITestResult)[pri:0, instance:packPageObject.SoftestRunner@7bd4937b]" started-at="2018-10-26T06:02:03Z" name="TestAfterMethod" finished-at="2018-10-26T06:02:03Z" duration-ms="0" status="PASS">
          <params>
            <param index="0">
              <value>
                <![CDATA[[TestResult name=testLogin status=SUCCESS method=SoftestRunner.testLogin(java.lang.String, java.lang.String, java.lang.String, java.lang.String, java.lang.String)[pri:0, instance:packPageObject.SoftestRunner@7bd4937b] output=HOME : ]]]>
              </value>
            </param>
          </params>
          <reporter-output>
            <line>
              <![CDATA[<p><font color="green">Method packPageObject.SoftestRunner_testLogin   PASSED</p>]]>
            </line>
            <line>
              <![CDATA[passed]]>
            </line>
          </reporter-output>
        </test-method> <!-- TestAfterMethod -->
        <test-method signature="testLogin(java.lang.String, java.lang.String, java.lang.String, java.lang.String, java.lang.String)[pri:0, instance:packPageObject.SoftestRunner@7bd4937b]" started-at="2018-10-26T06:02:03Z" name="testLogin" data-provider="DP-XL" finished-at="2018-10-26T06:02:48Z" duration-ms="44952" status="PASS">
          <params>
            <param index="0">
              <value>
                <![CDATA[smita]]>
              </value>
            </param>
            <param index="1">
              <value>
                <![CDATA[password@12]]>
              </value>
            </param>
            <param index="2">
              <value>
                <![CDATA[smita]]>
              </value>
            </param>
            <param index="3">
              <value>
                <![CDATA[student_home.php]]>
              </value>
            </param>
            <param index="4">
              <value>
                <![CDATA[Valid]]>
              </value>
            </param>
          </params>
          <reporter-output>
            <line>
              <![CDATA[HOME : ]]>
            </line>
            <line>
              <![CDATA[Home Page : http://softest-training.com/]]>
            </line>
            <line>
              <![CDATA[Logo is Displayed : true]]>
            </line>
            <line>
              <![CDATA[Login Type : Valid]]>
            </line>
            <line>
              <![CDATA[UserName : smita]]>
            </line>
            <line>
              <![CDATA[Password : password@12]]>
            </line>
            <line>
              <![CDATA[Clicked Submit]]>
            </line>
            <line>
              <![CDATA[Page after Login is : http://softest-training.com/student/student_home.php]]>
            </line>
            <line>
              <![CDATA[Message displayed : sk - smita | Sign Out]]>
            </line>
            <line>
              <![CDATA[Back to Home after SignOut :http://softest-training.com/index.php]]>
            </line>
            <line>
              <![CDATA[Home Page : http://softest-training.com/index.php]]>
            </line>
          </reporter-output>
        </test-method> <!-- testLogin -->
        <test-method is-config="true" signature="initElem()[pri:0, instance:packPageObject.SoftestRunner@7bd4937b]" started-at="2018-10-26T06:02:03Z" name="initElem" finished-at="2018-10-26T06:02:03Z" duration-ms="0" status="PASS">
          <reporter-output>
          </reporter-output>
        </test-method> <!-- initElem -->
        <test-method is-config="true" signature="TestAfterMethod(org.testng.ITestResult)[pri:0, instance:packPageObject.SoftestRunner@7bd4937b]" started-at="2018-10-26T06:02:48Z" name="TestAfterMethod" finished-at="2018-10-26T06:02:48Z" duration-ms="0" status="PASS">
          <params>
            <param index="0">
              <value>
                <![CDATA[[TestResult name=testLogin status=SUCCESS method=SoftestRunner.testLogin(java.lang.String, java.lang.String, java.lang.String, java.lang.String, java.lang.String)[pri:0, instance:packPageObject.SoftestRunner@7bd4937b] output=HOME : ]]]>
              </value>
            </param>
          </params>
          <reporter-output>
            <line>
              <![CDATA[<p><font color="green">Method packPageObject.SoftestRunner_testLogin   PASSED</p>]]>
            </line>
            <line>
              <![CDATA[passed]]>
            </line>
          </reporter-output>
        </test-method> <!-- TestAfterMethod -->
        <test-method is-config="true" signature="CloseBrowser()[pri:0, instance:packPageObject.SoftestRunner@7bd4937b]" started-at="2018-10-26T06:02:48Z" name="CloseBrowser" finished-at="2018-10-26T06:02:49Z" duration-ms="878" status="PASS">
          <reporter-output>
          </reporter-output>
        </test-method> <!-- CloseBrowser -->
      </class> <!-- packPageObject.SoftestRunner -->
    </test> <!-- Test -->
  </suite> <!-- Suite -->
</testng-results>
