<?xml version="1.0" encoding="UTF-8"?>
<!-- Generated by org.testng.reporters.JUnitXMLReporter -->
<testsuite ignored="0" hostname="Smita" failures="0" tests="4" name="Test" time="47.7" errors="0" timestamp="29 Jun 2018 06:16:38 GMT">
  <testcase classname="googlePack.GoogleMain" name="testLogin" time="18.518"/>
  <testcase classname="googlePack.GoogleMain" name="testLogin" time="5.546"/>
  <testcase classname="googlePack.GoogleMain" name="testLogin" time="6.887"/>
  <testcase classname="googlePack.GoogleMain" name="testLogin" time="4.264"/>
</testsuite> <!-- Test -->
