<?xml version="1.0" encoding="UTF-8"?>
<!-- Generated by org.testng.reporters.JUnitXMLReporter -->
<testsuite hostname="IN01LAP00077" ignored="0" name="Corporate Website Automation Prod" tests="116" failures="0" timestamp="10 May 2021 11:55:52 GMT" time="918.972" errors="0">
  <testcase name="@BeforeMethod setUp" time="3.719" classname="com.eurofins.testcases.HomePageTest">
    <failure type="java.lang.StackOverflowError">
      <![CDATA[java.lang.StackOverflowError
at java.lang.Exception.<init>(Unknown Source)
at java.lang.ReflectiveOperationException.<init>(Unknown Source)
at org.openqa.selenium.support.events.EventFiringWebDriver.lambda$new$1(EventFiringWebDriver.java:105)
at com.sun.proxy.$Proxy8.getScreenshotAs(Unknown Source)
at org.openqa.selenium.support.events.EventFiringWebDriver.getScreenshotAs(EventFiringWebDriver.java:302)
at com.eurofins.util.TestUtil.takeScreenshotAtEndOfTest(TestUtil.java:76)
at com.eurofins.util.WebEventListener.onException(WebEventListener.java:66)
at org.openqa.selenium.support.events.EventFiringWebDriver.lambda$new$0(EventFiringWebDriver.java:84)
at com.sun.proxy.$Proxy7.onException(Unknown Source)
at org.openqa.selenium.support.events.EventFiringWebDriver.lambda$new$1(EventFiringWebDriver.java:107)
at com.sun.proxy.$Proxy8.getScreenshotAs(Unknown Source)
at org.openqa.selenium.support.events.EventFiringWebDriver.getScreenshotAs(EventFiringWebDriver.java:302)
at com.eurofins.util.TestUtil.takeScreenshotAtEndOfTest(TestUtil.java:76)
at com.eurofins.util.WebEventListener.onException(WebEventListener.java:66)
at org.openqa.selenium.support.events.EventFiringWebDriver.lambda$new$0(EventFiringWebDriver.java:84)
at com.sun.proxy.$Proxy7.onException(Unknown Source)
at org.openqa.selenium.support.events.EventFiringWebDriver.lambda$new$1(EventFiringWebDriver.java:107)
at com.sun.proxy.$Proxy8.getScreenshotAs(Unknown Source)
at org.openqa.selenium.support.events.EventFiringWebDriver.getScreenshotAs(EventFiringWebDriver.java:302)
at com.eurofins.util.TestUtil.takeScreenshotAtEndOfTest(TestUtil.java:76)
at com.eurofins.util.WebEventListener.onException(WebEventListener.java:66)
at org.openqa.selenium.support.events.EventFiringWebDriver.lambda$new$0(EventFiringWebDriver.java:84)
at com.sun.proxy.$Proxy7.onException(Unknown Source)
at org.openqa.selenium.support.events.EventFiringWebDriver.lambda$new$1(EventFiringWebDriver.java:107)
at com.sun.proxy.$Proxy8.getScreenshotAs(Unknown Source)
at org.openqa.selenium.support.events.EventFiringWebDriver.getScreenshotAs(EventFiringWebDriver.java:302)
at com.eurofins.util.TestUtil.takeScreenshotAtEndOfTest(TestUtil.java:76)
at com.eurofins.util.WebEventListener.onException(WebEventListener.java:66)
at org.openqa.selenium.support.events.EventFiringWebDriver.lambda$new$0(EventFiringWebDriver.java:84)
at com.sun.proxy.$Proxy7.onException(Unknown Source)
at org.openqa.selenium.support.events.EventFiringWebDriver.lambda$new$1(EventFiringWebDriver.java:107)
at com.sun.proxy.$Proxy8.getScreenshotAs(Unknown Source)
at org.openqa.selenium.support.events.EventFiringWebDriver.getScreenshotAs(EventFiringWebDriver.java:302)
at com.eurofins.util.TestUtil.takeScreenshotAtEndOfTest(TestUtil.java:76)
at com.eurofins.util.WebEventListener.onException(WebEventListener.java:66)
at org.openqa.selenium.support.events.EventFiringWebDriver.lambda$new$0(EventFiringWebDriver.java:84)
at com.sun.proxy.$Proxy7.onException(Unknown Source)
at org.openqa.selenium.support.events.EventFiringWebDriver.lambda$new$1(EventFiringWebDriver.java:107)
at com.sun.proxy.$Proxy8.getScreenshotAs(Unknown Source)
at org.openqa.selenium.support.events.EventFiringWebDriver.getScreenshotAs(EventFiringWebDriver.java:302)
at com.eurofins.util.TestUtil.takeScreenshotAtEndOfTest(TestUtil.java:76)
at com.eurofins.util.WebEventListener.onException(WebEventListener.java:66)
at org.openqa.selenium.support.events.EventFiringWebDriver.lambda$new$0(EventFiringWebDriver.java:84)
at com.sun.proxy.$Proxy7.onException(Unknown Source)
at org.openqa.selenium.support.events.EventFiringWebDriver.lambda$new$1(EventFiringWebDriver.java:107)
at com.sun.proxy.$Proxy8.getScreenshotAs(Unknown Source)
at org.openqa.selenium.support.events.EventFiringWebDriver.getScreenshotAs(EventFiringWebDriver.java:302)
at com.eurofins.util.TestUtil.takeScreenshotAtEndOfTest(TestUtil.java:76)
at com.eurofins.util.WebEventListener.onException(WebEventListener.java:66)
at org.openqa.selenium.support.events.EventFiringWebDriver.lambda$new$0(EventFiringWebDriver.java:84)
at com.sun.proxy.$Proxy7.onException(Unknown Source)
at org.openqa.selenium.support.events.EventFiringWebDriver.lambda$new$1(EventFiringWebDriver.java:107)
at com.sun.proxy.$Proxy8.getScreenshotAs(Unknown Source)
at org.openqa.selenium.support.events.EventFiringWebDriver.getScreenshotAs(EventFiringWebDriver.java:302)
at com.eurofins.util.TestUtil.takeScreenshotAtEndOfTest(TestUtil.java:76)
at com.eurofins.util.WebEventListener.onException(WebEventListener.java:66)
at org.openqa.selenium.support.events.EventFiringWebDriver.lambda$new$0(EventFiringWebDriver.java:84)
at com.sun.proxy.$Proxy7.onException(Unknown Source)
at org.openqa.selenium.support.events.EventFiringWebDriver.lambda$new$1(EventFiringWebDriver.java:107)
at com.sun.proxy.$Proxy8.getScreenshotAs(Unknown Source)
at org.openqa.selenium.support.events.EventFiringWebDriver.getScreenshotAs(EventFiringWebDriver.java:302)
at com.eurofins.util.TestUtil.takeScreenshotAtEndOfTest(TestUtil.java:76)
at com.eurofins.util.WebEventListener.onException(WebEventListener.java:66)
at org.openqa.selenium.support.events.EventFiringWebDriver.lambda$new$0(EventFiringWebDriver.java:84)
at com.sun.proxy.$Proxy7.onException(Unknown Source)
at org.openqa.selenium.support.events.EventFiringWebDriver.lambda$new$1(EventFiringWebDriver.java:107)
at com.sun.proxy.$Proxy8.getScreenshotAs(Unknown Source)
at org.openqa.selenium.support.events.EventFiringWebDriver.getScreenshotAs(EventFiringWebDriver.java:302)
at com.eurofins.util.TestUtil.takeScreenshotAtEndOfTest(TestUtil.java:76)
at com.eurofins.util.WebEventListener.onException(WebEventListener.java:66)
at org.openqa.selenium.support.events.EventFiringWebDriver.lambda$new$0(EventFiringWebDriver.java:84)
at com.sun.proxy.$Proxy7.onException(Unknown Source)
at org.openqa.selenium.support.events.EventFiringWebDriver.lambda$new$1(EventFiringWebDriver.java:107)
at com.sun.proxy.$Proxy8.getScreenshotAs(Unknown Source)
at org.openqa.selenium.support.events.EventFiringWebDriver.getScreenshotAs(EventFiringWebDriver.java:302)
at com.eurofins.util.TestUtil.takeScreenshotAtEndOfTest(TestUtil.java:76)
at com.eurofins.util.WebEventListener.onException(WebEventListener.java:66)
at org.openqa.selenium.support.events.EventFiringWebDriver.lambda$new$0(EventFiringWebDriver.java:84)
at com.sun.proxy.$Proxy7.onException(Unknown Source)
at org.openqa.selenium.support.events.EventFiringWebDriver.lambda$new$1(EventFiringWebDriver.java:107)
at com.sun.proxy.$Proxy8.getScreenshotAs(Unknown Source)
at org.openqa.selenium.support.events.EventFiringWebDriver.getScreenshotAs(EventFiringWebDriver.java:302)
at com.eurofins.util.TestUtil.takeScreenshotAtEndOfTest(TestUtil.java:76)
at com.eurofins.util.WebEventListener.onException(WebEventListener.java:66)
at org.openqa.selenium.support.events.EventFiringWebDriver.lambda$new$0(EventFiringWebDriver.java:84)
at com.sun.proxy.$Proxy7.onException(Unknown Source)
at org.openqa.selenium.support.events.EventFiringWebDriver.lambda$new$1(EventFiringWebDriver.java:107)
at com.sun.proxy.$Proxy8.getScreenshotAs(Unknown Source)
at org.openqa.selenium.support.events.EventFiringWebDriver.getScreenshotAs(EventFiringWebDriver.java:302)
at com.eurofins.util.TestUtil.takeScreenshotAtEndOfTest(TestUtil.java:76)
at com.eurofins.util.WebEventListener.onException(WebEventListener.java:66)
at org.openqa.selenium.support.events.EventFiringWebDriver.lambda$new$0(EventFiringWebDriver.java:84)
at com.sun.proxy.$Proxy7.onException(Unknown Source)
at org.openqa.selenium.support.events.EventFiringWebDriver.lambda$new$1(EventFiringWebDriver.java:107)
at com.sun.proxy.$Proxy8.getScreenshotAs(Unknown Source)
at org.openqa.selenium.support.events.EventFiringWebDriver.getScreenshotAs(EventFiringWebDriver.java:302)
at com.eurofins.util.TestUtil.takeScreenshotAtEndOfTest(TestUtil.java:76)
at com.eurofins.util.WebEventListener.onException(WebEventListener.java:66)
at org.openqa.selenium.support.events.EventFiringWebDriver.lambda$new$0(EventFiringWebDriver.java:84)
at com.sun.proxy.$Proxy7.onException(Unknown Source)
at org.openqa.selenium.support.events.EventFiringWebDriver.lambda$new$1(EventFiringWebDriver.java:107)
at com.sun.proxy.$Proxy8.getScreenshotAs(Unknown Source)
at org.openqa.selenium.support.events.EventFiringWebDriver.getScreenshotAs(EventFiringWebDriver.java:302)
at com.eurofins.util.TestUtil.takeScreenshotAtEndOfTest(TestUtil.java:76)
at com.eurofins.util.WebEventListener.onException(WebEventListener.java:66)
at org.openqa.selenium.support.events.EventFiringWebDriver.lambda$new$0(EventFiringWebDriver.java:84)
at com.sun.proxy.$Proxy7.onException(Unknown Source)
at org.openqa.selenium.support.events.EventFiringWebDriver.lambda$new$1(EventFiringWebDriver.java:107)
at com.sun.proxy.$Proxy8.getScreenshotAs(Unknown Source)
at org.openqa.selenium.support.events.EventFiringWebDriver.getScreenshotAs(EventFiringWebDriver.java:302)
at com.eurofins.util.TestUtil.takeScreenshotAtEndOfTest(TestUtil.java:76)
at com.eurofins.util.WebEventListener.onException(WebEventListener.java:66)
at org.openqa.selenium.support.events.EventFiringWebDriver.lambda$new$0(EventFiringWebDriver.java:84)
at com.sun.proxy.$Proxy7.onException(Unknown Source)
at org.openqa.selenium.support.events.EventFiringWebDriver.lambda$new$1(EventFiringWebDriver.java:107)
at com.sun.proxy.$Proxy8.getScreenshotAs(Unknown Source)
at org.openqa.selenium.support.events.EventFiringWebDriver.getScreenshotAs(EventFiringWebDriver.java:302)
at com.eurofins.util.TestUtil.takeScreenshotAtEndOfTest(TestUtil.java:76)
at com.eurofins.util.WebEventListener.onException(WebEventListener.java:66)
at org.openqa.selenium.support.events.EventFiringWebDriver.lambda$new$0(EventFiringWebDriver.java:84)
at com.sun.proxy.$Proxy7.onException(Unknown Source)
at org.openqa.selenium.support.events.EventFiringWebDriver.lambda$new$1(EventFiringWebDriver.java:107)
at com.sun.proxy.$Proxy8.getScreenshotAs(Unknown Source)
at org.openqa.selenium.support.events.EventFiringWebDriver.getScreenshotAs(EventFiringWebDriver.java:302)
at com.eurofins.util.TestUtil.takeScreenshotAtEndOfTest(TestUtil.java:76)
at com.eurofins.util.WebEventListener.onException(WebEventListener.java:66)
at org.openqa.selenium.support.events.EventFiringWebDriver.lambda$new$0(EventFiringWebDriver.java:84)
at com.sun.proxy.$Proxy7.onException(Unknown Source)
at org.openqa.selenium.support.events.EventFiringWebDriver.lambda$new$1(EventFiringWebDriver.java:107)
at com.sun.proxy.$Proxy8.getScreenshotAs(Unknown Source)
at org.openqa.selenium.support.events.EventFiringWebDriver.getScreenshotAs(EventFiringWebDriver.java:302)
at com.eurofins.util.TestUtil.takeScreenshotAtEndOfTest(TestUtil.java:76)
at com.eurofins.util.WebEventListener.onException(WebEventListener.java:66)
at org.openqa.selenium.support.events.EventFiringWebDriver.lambda$new$0(EventFiringWebDriver.java:84)
at com.sun.proxy.$Proxy7.onException(Unknown Source)
at org.openqa.selenium.support.events.EventFiringWebDriver.lambda$new$1(EventFiringWebDriver.java:107)
at com.sun.proxy.$Proxy8.getScreenshotAs(Unknown Source)
at org.openqa.selenium.support.events.EventFiringWebDriver.getScreenshotAs(EventFiringWebDriver.java:302)
at com.eurofins.util.TestUtil.takeScreenshotAtEndOfTest(TestUtil.java:76)
at com.eurofins.util.WebEventListener.onException(WebEventListener.java:66)
at org.openqa.selenium.support.events.EventFiringWebDriver.lambda$new$0(EventFiringWebDriver.java:84)
at com.sun.proxy.$Proxy7.onException(Unknown Source)
at org.openqa.selenium.support.events.EventFiringWebDriver.lambda$new$1(EventFiringWebDriver.java:107)
at com.sun.proxy.$Proxy8.getScreenshotAs(Unknown Source)
at org.openqa.selenium.support.events.EventFiringWebDriver.getScreenshotAs(EventFiringWebDriver.java:302)
at com.eurofins.util.TestUtil.takeScreenshotAtEndOfTest(TestUtil.java:76)
at com.eurofins.util.WebEventListener.onException(WebEventListener.java:66)
at org.openqa.selenium.support.events.EventFiringWebDriver.lambda$new$0(EventFiringWebDriver.java:84)
at com.sun.proxy.$Proxy7.onException(Unknown Source)
at org.openqa.selenium.support.events.EventFiringWebDriver.lambda$new$1(EventFiringWebDriver.java:107)
at com.sun.proxy.$Proxy8.getScreenshotAs(Unknown Source)
at org.openqa.selenium.support.events.EventFiringWebDriver.getScreenshotAs(EventFiringWebDriver.java:302)
at com.eurofins.util.TestUtil.takeScreenshotAtEndOfTest(TestUtil.java:76)
at com.eurofins.util.WebEventListener.onException(WebEventListener.java:66)
at org.openqa.selenium.support.events.EventFiringWebDriver.lambda$new$0(EventFiringWebDriver.java:84)
at com.sun.proxy.$Proxy7.onException(Unknown Source)
at org.openqa.selenium.support.events.EventFiringWebDriver.lambda$new$1(EventFiringWebDriver.java:107)
at com.sun.proxy.$Proxy8.getScreenshotAs(Unknown Source)
at org.openqa.selenium.support.events.EventFiringWebDriver.getScreenshotAs(EventFiringWebDriver.java:302)
at com.eurofins.util.TestUtil.takeScreenshotAtEndOfTest(TestUtil.java:76)
at com.eurofins.util.WebEventListener.onException(WebEventListener.java:66)
at org.openqa.selenium.support.events.EventFiringWebDriver.lambda$new$0(EventFiringWebDriver.java:84)
at com.sun.proxy.$Proxy7.onException(Unknown Source)
at org.openqa.selenium.support.events.EventFiringWebDriver.lambda$new$1(EventFiringWebDriver.java:107)
at com.sun.proxy.$Proxy8.getScreenshotAs(Unknown Source)
at org.openqa.selenium.support.events.EventFiringWebDriver.getScreenshotAs(EventFiringWebDriver.java:302)
at com.eurofins.util.TestUtil.takeScreenshotAtEndOfTest(TestUtil.java:76)
at com.eurofins.util.WebEventListener.onException(WebEventListener.java:66)
at org.openqa.selenium.support.events.EventFiringWebDriver.lambda$new$0(EventFiringWebDriver.java:84)
at com.sun.proxy.$Proxy7.onException(Unknown Source)
at org.openqa.selenium.support.events.EventFiringWebDriver.lambda$new$1(EventFiringWebDriver.java:107)
at com.sun.proxy.$Proxy8.getScreenshotAs(Unknown Source)
at org.openqa.selenium.support.events.EventFiringWebDriver.getScreenshotAs(EventFiringWebDriver.java:302)
at com.eurofins.util.TestUtil.takeScreenshotAtEndOfTest(TestUtil.java:76)
at com.eurofins.util.WebEventListener.onException(WebEventListener.java:66)
at org.openqa.selenium.support.events.EventFiringWebDriver.lambda$new$0(EventFiringWebDriver.java:84)
at com.sun.proxy.$Proxy7.onException(Unknown Source)
at org.openqa.selenium.support.events.EventFiringWebDriver.lambda$new$1(EventFiringWebDriver.java:107)
at com.sun.proxy.$Proxy8.getScreenshotAs(Unknown Source)
at org.openqa.selenium.support.events.EventFiringWebDriver.getScreenshotAs(EventFiringWebDriver.java:302)
at com.eurofins.util.TestUtil.takeScreenshotAtEndOfTest(TestUtil.java:76)
at com.eurofins.util.WebEventListener.onException(WebEventListener.java:66)
at org.openqa.selenium.support.events.EventFiringWebDriver.lambda$new$0(EventFiringWebDriver.java:84)
at com.sun.proxy.$Proxy7.onException(Unknown Source)
at org.openqa.selenium.support.events.EventFiringWebDriver.lambda$new$1(EventFiringWebDriver.java:107)
at com.sun.proxy.$Proxy8.getScreenshotAs(Unknown Source)
at org.openqa.selenium.support.events.EventFiringWebDriver.getScreenshotAs(EventFiringWebDriver.java:302)
at com.eurofins.util.TestUtil.takeScreenshotAtEndOfTest(TestUtil.java:76)
at com.eurofins.util.WebEventListener.onException(WebEventListener.java:66)
at org.openqa.selenium.support.events.EventFiringWebDriver.lambda$new$0(EventFiringWebDriver.java:84)
at com.sun.proxy.$Proxy7.onException(Unknown Source)
at org.openqa.selenium.support.events.EventFiringWebDriver.lambda$new$1(EventFiringWebDriver.java:107)
at com.sun.proxy.$Proxy8.getScreenshotAs(Unknown Source)
at org.openqa.selenium.support.events.EventFiringWebDriver.getScreenshotAs(EventFiringWebDriver.java:302)
at com.eurofins.util.TestUtil.takeScreenshotAtEndOfTest(TestUtil.java:76)
at com.eurofins.util.WebEventListener.onException(WebEventListener.java:66)
at org.openqa.selenium.support.events.EventFiringWebDriver.lambda$new$0(EventFiringWebDriver.java:84)
at com.sun.proxy.$Proxy7.onException(Unknown Source)
at org.openqa.selenium.support.events.EventFiringWebDriver.lambda$new$1(EventFiringWebDriver.java:107)
at com.sun.proxy.$Proxy8.getScreenshotAs(Unknown Source)
at org.openqa.selenium.support.events.EventFiringWebDriver.getScreenshotAs(EventFiringWebDriver.java:302)
at com.eurofins.util.TestUtil.takeScreenshotAtEndOfTest(TestUtil.java:76)
at com.eurofins.util.WebEventListener.onException(WebEventListener.java:66)
at org.openqa.selenium.support.events.EventFiringWebDriver.lambda$new$0(EventFiringWebDriver.java:84)
at com.sun.proxy.$Proxy7.onException(Unknown Source)
at org.openqa.selenium.support.events.EventFiringWebDriver.lambda$new$1(EventFiringWebDriver.java:107)
at com.sun.proxy.$Proxy8.getScreenshotAs(Unknown Source)
at org.openqa.selenium.support.events.EventFiringWebDriver.getScreenshotAs(EventFiringWebDriver.java:302)
at com.eurofins.util.TestUtil.takeScreenshotAtEndOfTest(TestUtil.java:76)
at com.eurofins.util.WebEventListener.onException(WebEventListener.java:66)
at org.openqa.selenium.support.events.EventFiringWebDriver.lambda$new$0(EventFiringWebDriver.java:84)
at com.sun.proxy.$Proxy7.onException(Unknown Source)
at org.openqa.selenium.support.events.EventFiringWebDriver.lambda$new$1(EventFiringWebDriver.java:107)
at com.sun.proxy.$Proxy8.getScreenshotAs(Unknown Source)
at org.openqa.selenium.support.events.EventFiringWebDriver.getScreenshotAs(EventFiringWebDriver.java:302)
at com.eurofins.util.TestUtil.takeScreenshotAtEndOfTest(TestUtil.java:76)
at com.eurofins.util.WebEventListener.onException(WebEventListener.java:66)
at org.openqa.selenium.support.events.EventFiringWebDriver.lambda$new$0(EventFiringWebDriver.java:84)
at com.sun.proxy.$Proxy7.onException(Unknown Source)
at org.openqa.selenium.support.events.EventFiringWebDriver.lambda$new$1(EventFiringWebDriver.java:107)
at com.sun.proxy.$Proxy8.getScreenshotAs(Unknown Source)
at org.openqa.selenium.support.events.EventFiringWebDriver.getScreenshotAs(EventFiringWebDriver.java:302)
at com.eurofins.util.TestUtil.takeScreenshotAtEndOfTest(TestUtil.java:76)
at com.eurofins.util.WebEventListener.onException(WebEventListener.java:66)
at org.openqa.selenium.support.events.EventFiringWebDriver.lambda$new$0(EventFiringWebDriver.java:84)
at com.sun.proxy.$Proxy7.onException(Unknown Source)
at org.openqa.selenium.support.events.EventFiringWebDriver.lambda$new$1(EventFiringWebDriver.java:107)
at com.sun.proxy.$Proxy8.getScreenshotAs(Unknown Source)
at org.openqa.selenium.support.events.EventFiringWebDriver.getScreenshotAs(EventFiringWebDriver.java:302)
at com.eurofins.util.TestUtil.takeScreenshotAtEndOfTest(TestUtil.java:76)
at com.eurofins.util.WebEventListener.onException(WebEventListener.java:66)
at org.openqa.selenium.support.events.EventFiringWebDriver.lambda$new$0(EventFiringWebDriver.java:84)
at com.sun.proxy.$Proxy7.onException(Unknown Source)
at org.openqa.selenium.support.events.EventFiringWebDriver.lambda$new$1(EventFiringWebDriver.java:107)
at com.sun.proxy.$Proxy8.getScreenshotAs(Unknown Source)
at org.openqa.selenium.support.events.EventFiringWebDriver.getScreenshotAs(EventFiringWebDriver.java:302)
at com.eurofins.util.TestUtil.takeScreenshotAtEndOfTest(TestUtil.java:76)
at com.eurofins.util.WebEventListener.onException(WebEventListener.java:66)
at org.openqa.selenium.support.events.EventFiringWebDriver.lambda$new$0(EventFiringWebDriver.java:84)
at com.sun.proxy.$Proxy7.onException(Unknown Source)
at org.openqa.selenium.support.events.EventFiringWebDriver.lambda$new$1(EventFiringWebDriver.java:107)
at com.sun.proxy.$Proxy8.getScreenshotAs(Unknown Source)
at org.openqa.selenium.support.events.EventFiringWebDriver.getScreenshotAs(EventFiringWebDriver.java:302)
at com.eurofins.util.TestUtil.takeScreenshotAtEndOfTest(TestUtil.java:76)
at com.eurofins.util.WebEventListener.onException(WebEventListener.java:66)
at org.openqa.selenium.support.events.EventFiringWebDriver.lambda$new$0(EventFiringWebDriver.java:84)
at com.sun.proxy.$Proxy7.onException(Unknown Source)
at org.openqa.selenium.support.events.EventFiringWebDriver.lambda$new$1(EventFiringWebDriver.java:107)
at com.sun.proxy.$Proxy8.getScreenshotAs(Unknown Source)
at org.openqa.selenium.support.events.EventFiringWebDriver.getScreenshotAs(EventFiringWebDriver.java:302)
at com.eurofins.util.TestUtil.takeScreenshotAtEndOfTest(TestUtil.java:76)
at com.eurofins.util.WebEventListener.onException(WebEventListener.java:66)
at org.openqa.selenium.support.events.EventFiringWebDriver.lambda$new$0(EventFiringWebDriver.java:84)
at com.sun.proxy.$Proxy7.onException(Unknown Source)
at org.openqa.selenium.support.events.EventFiringWebDriver.lambda$new$1(EventFiringWebDriver.java:107)
at com.sun.proxy.$Proxy8.getScreenshotAs(Unknown Source)
at org.openqa.selenium.support.events.EventFiringWebDriver.getScreenshotAs(EventFiringWebDriver.java:302)
at com.eurofins.util.TestUtil.takeScreenshotAtEndOfTest(TestUtil.java:76)
at com.eurofins.util.WebEventListener.onException(WebEventListener.java:66)
at org.openqa.selenium.support.events.EventFiringWebDriver.lambda$new$0(EventFiringWebDriver.java:84)
at com.sun.proxy.$Proxy7.onException(Unknown Source)
at org.openqa.selenium.support.events.EventFiringWebDriver.lambda$new$1(EventFiringWebDriver.java:107)
at com.sun.proxy.$Proxy8.getScreenshotAs(Unknown Source)
at org.openqa.selenium.support.events.EventFiringWebDriver.getScreenshotAs(EventFiringWebDriver.java:302)
at com.eurofins.util.TestUtil.takeScreenshotAtEndOfTest(TestUtil.java:76)
at com.eurofins.util.WebEventListener.onException(WebEventListener.java:66)
at org.openqa.selenium.support.events.EventFiringWebDriver.lambda$new$0(EventFiringWebDriver.java:84)
at com.sun.proxy.$Proxy7.onException(Unknown Source)
at org.openqa.selenium.support.events.EventFiringWebDriver.lambda$new$1(EventFiringWebDriver.java:107)
at com.sun.proxy.$Proxy8.getScreenshotAs(Unknown Source)
at org.openqa.selenium.support.events.EventFiringWebDriver.getScreenshotAs(EventFiringWebDriver.java:302)
at com.eurofins.util.TestUtil.takeScreenshotAtEndOfTest(TestUtil.java:76)
at com.eurofins.util.WebEventListener.onException(WebEventListener.java:66)
at org.openqa.selenium.support.events.EventFiringWebDriver.lambda$new$0(EventFiringWebDriver.java:84)
at com.sun.proxy.$Proxy7.onException(Unknown Source)
at org.openqa.selenium.support.events.EventFiringWebDriver.lambda$new$1(EventFiringWebDriver.java:107)
at com.sun.proxy.$Proxy8.getScreenshotAs(Unknown Source)
at org.openqa.selenium.support.events.EventFiringWebDriver.getScreenshotAs(EventFiringWebDriver.java:302)
at com.eurofins.util.TestUtil.takeScreenshotAtEndOfTest(TestUtil.java:76)
at com.eurofins.util.WebEventListener.onException(WebEventListener.java:66)
at org.openqa.selenium.support.events.EventFiringWebDriver.lambda$new$0(EventFiringWebDriver.java:84)
at com.sun.proxy.$Proxy7.onException(Unknown Source)
at org.openqa.selenium.support.events.EventFiringWebDriver.lambda$new$1(EventFiringWebDriver.java:107)
at com.sun.proxy.$Proxy8.getScreenshotAs(Unknown Source)
at org.openqa.selenium.support.events.EventFiringWebDriver.getScreenshotAs(EventFiringWebDriver.java:302)
at com.eurofins.util.TestUtil.takeScreenshotAtEndOfTest(TestUtil.java:76)
at com.eurofins.util.WebEventListener.onException(WebEventListener.java:66)
at org.openqa.selenium.support.events.EventFiringWebDriver.lambda$new$0(EventFiringWebDriver.java:84)
at com.sun.proxy.$Proxy7.onException(Unknown Source)
at org.openqa.selenium.support.events.EventFiringWebDriver.lambda$new$1(EventFiringWebDriver.java:107)
at com.sun.proxy.$Proxy8.getScreenshotAs(Unknown Source)
at org.openqa.selenium.support.events.EventFiringWebDriver.getScreenshotAs(EventFiringWebDriver.java:302)
at com.eurofins.util.TestUtil.takeScreenshotAtEndOfTest(TestUtil.java:76)
at com.eurofins.util.WebEventListener.onException(WebEventListener.java:66)
at org.openqa.selenium.support.events.EventFiringWebDriver.lambda$new$0(EventFiringWebDriver.java:84)
at com.sun.proxy.$Proxy7.onException(Unknown Source)
at org.openqa.selenium.support.events.EventFiringWebDriver.lambda$new$1(EventFiringWebDriver.java:107)
at com.sun.proxy.$Proxy8.getScreenshotAs(Unknown Source)
at org.openqa.selenium.support.events.EventFiringWebDriver.getScreenshotAs(EventFiringWebDriver.java:302)
at com.eurofins.util.TestUtil.takeScreenshotAtEndOfTest(TestUtil.java:76)
at com.eurofins.util.WebEventListener.onException(WebEventListener.java:66)
at org.openqa.selenium.support.events.EventFiringWebDriver.lambda$new$0(EventFiringWebDriver.java:84)
at com.sun.proxy.$Proxy7.onException(Unknown Source)
at org.openqa.selenium.support.events.EventFiringWebDriver.lambda$new$1(EventFiringWebDriver.java:107)
at com.sun.proxy.$Proxy8.getScreenshotAs(Unknown Source)
at org.openqa.selenium.support.events.EventFiringWebDriver.getScreenshotAs(EventFiringWebDriver.java:302)
at com.eurofins.util.TestUtil.takeScreenshotAtEndOfTest(TestUtil.java:76)
at com.eurofins.util.WebEventListener.onException(WebEventListener.java:66)
at org.openqa.selenium.support.events.EventFiringWebDriver.lambda$new$0(EventFiringWebDriver.java:84)
at com.sun.proxy.$Proxy7.onException(Unknown Source)
at org.openqa.selenium.support.events.EventFiringWebDriver.lambda$new$1(EventFiringWebDriver.java:107)
at com.sun.proxy.$Proxy8.getScreenshotAs(Unknown Source)
at org.openqa.selenium.support.events.EventFiringWebDriver.getScreenshotAs(EventFiringWebDriver.java:302)
at com.eurofins.util.TestUtil.takeScreenshotAtEndOfTest(TestUtil.java:76)
at com.eurofins.util.WebEventListener.onException(WebEventListener.java:66)
at org.openqa.selenium.support.events.EventFiringWebDriver.lambda$new$0(EventFiringWebDriver.java:84)
at com.sun.proxy.$Proxy7.onException(Unknown Source)
at org.openqa.selenium.support.events.EventFiringWebDriver.lambda$new$1(EventFiringWebDriver.java:107)
at com.sun.proxy.$Proxy8.getScreenshotAs(Unknown Source)
at org.openqa.selenium.support.events.EventFiringWebDriver.getScreenshotAs(EventFiringWebDriver.java:302)
at com.eurofins.util.TestUtil.takeScreenshotAtEndOfTest(TestUtil.java:76)
at com.eurofins.util.WebEventListener.onException(WebEventListener.java:66)
at org.openqa.selenium.support.events.EventFiringWebDriver.lambda$new$0(EventFiringWebDriver.java:84)
at com.sun.proxy.$Proxy7.onException(Unknown Source)
at org.openqa.selenium.support.events.EventFiringWebDriver.lambda$new$1(EventFiringWebDriver.java:107)
at com.sun.proxy.$Proxy8.getScreenshotAs(Unknown Source)
at org.openqa.selenium.support.events.EventFiringWebDriver.getScreenshotAs(EventFiringWebDriver.java:302)
at com.eurofins.util.TestUtil.takeScreenshotAtEndOfTest(TestUtil.java:76)
at com.eurofins.util.WebEventListener.onException(WebEventListener.java:66)
at org.openqa.selenium.support.events.EventFiringWebDriver.lambda$new$0(EventFiringWebDriver.java:84)
at com.sun.proxy.$Proxy7.onException(Unknown Source)
at org.openqa.selenium.support.events.EventFiringWebDriver.lambda$new$1(EventFiringWebDriver.java:107)
at com.sun.proxy.$Proxy8.getScreenshotAs(Unknown Source)
at org.openqa.selenium.support.events.EventFiringWebDriver.getScreenshotAs(EventFiringWebDriver.java:302)
at com.eurofins.util.TestUtil.takeScreenshotAtEndOfTest(TestUtil.java:76)
at com.eurofins.util.WebEventListener.onException(WebEventListener.java:66)
at org.openqa.selenium.support.events.EventFiringWebDriver.lambda$new$0(EventFiringWebDriver.java:84)
at com.sun.proxy.$Proxy7.onException(Unknown Source)
at org.openqa.selenium.support.events.EventFiringWebDriver.lambda$new$1(EventFiringWebDriver.java:107)
at com.sun.proxy.$Proxy8.getScreenshotAs(Unknown Source)
at org.openqa.selenium.support.events.EventFiringWebDriver.getScreenshotAs(EventFiringWebDriver.java:302)
at com.eurofins.util.TestUtil.takeScreenshotAtEndOfTest(TestUtil.java:76)
at com.eurofins.util.WebEventListener.onException(WebEventListener.java:66)
at org.openqa.selenium.support.events.EventFiringWebDriver.lambda$new$0(EventFiringWebDriver.java:84)
at com.sun.proxy.$Proxy7.onException(Unknown Source)
at org.openqa.selenium.support.events.EventFiringWebDriver.lambda$new$1(EventFiringWebDriver.java:107)
at com.sun.proxy.$Proxy8.getScreenshotAs(Unknown Source)
at org.openqa.selenium.support.events.EventFiringWebDriver.getScreenshotAs(EventFiringWebDriver.java:302)
at com.eurofins.util.TestUtil.takeScreenshotAtEndOfTest(TestUtil.java:76)
at com.eurofins.util.WebEventListener.onException(WebEventListener.java:66)
at org.openqa.selenium.support.events.EventFiringWebDriver.lambda$new$0(EventFiringWebDriver.java:84)
at com.sun.proxy.$Proxy7.onException(Unknown Source)
at org.openqa.selenium.support.events.EventFiringWebDriver.lambda$new$1(EventFiringWebDriver.java:107)
at com.sun.proxy.$Proxy8.getScreenshotAs(Unknown Source)
at org.openqa.selenium.support.events.EventFiringWebDriver.getScreenshotAs(EventFiringWebDriver.java:302)
at com.eurofins.util.TestUtil.takeScreenshotAtEndOfTest(TestUtil.java:76)
at com.eurofins.util.WebEventListener.onException(WebEventListener.java:66)
at org.openqa.selenium.support.events.EventFiringWebDriver.lambda$new$0(EventFiringWebDriver.java:84)
at com.sun.proxy.$Proxy7.onException(Unknown Source)
at org.openqa.selenium.support.events.EventFiringWebDriver.lambda$new$1(EventFiringWebDriver.java:107)
at com.sun.proxy.$Proxy8.getScreenshotAs(Unknown Source)
at org.openqa.selenium.support.events.EventFiringWebDriver.getScreenshotAs(EventFiringWebDriver.java:302)
at com.eurofins.util.TestUtil.takeScreenshotAtEndOfTest(TestUtil.java:76)
at com.eurofins.util.WebEventListener.onException(WebEventListener.java:66)
at org.openqa.selenium.support.events.EventFiringWebDriver.lambda$new$0(EventFiringWebDriver.java:84)
at com.sun.proxy.$Proxy7.onException(Unknown Source)
at org.openqa.selenium.support.events.EventFiringWebDriver.lambda$new$1(EventFiringWebDriver.java:107)
at com.sun.proxy.$Proxy8.getScreenshotAs(Unknown Source)
at org.openqa.selenium.support.events.EventFiringWebDriver.getScreenshotAs(EventFiringWebDriver.java:302)
at com.eurofins.util.TestUtil.takeScreenshotAtEndOfTest(TestUtil.java:76)
at com.eurofins.util.WebEventListener.onException(WebEventListener.java:66)
at org.openqa.selenium.support.events.EventFiringWebDriver.lambda$new$0(EventFiringWebDriver.java:84)
at com.sun.proxy.$Proxy7.onException(Unknown Source)
at org.openqa.selenium.support.events.EventFiringWebDriver.lambda$new$1(EventFiringWebDriver.java:107)
at com.sun.proxy.$Proxy8.getScreenshotAs(Unknown Source)
at org.openqa.selenium.support.events.EventFiringWebDriver.getScreenshotAs(EventFiringWebDriver.java:302)
at com.eurofins.util.TestUtil.takeScreenshotAtEndOfTest(TestUtil.java:76)
at com.eurofins.util.WebEventListener.onException(WebEventListener.java:66)
at org.openqa.selenium.support.events.EventFiringWebDriver.lambda$new$0(EventFiringWebDriver.java:84)
at com.sun.proxy.$Proxy7.onException(Unknown Source)
at org.openqa.selenium.support.events.EventFiringWebDriver.lambda$new$1(EventFiringWebDriver.java:107)
at com.sun.proxy.$Proxy8.getScreenshotAs(Unknown Source)
at org.openqa.selenium.support.events.EventFiringWebDriver.getScreenshotAs(EventFiringWebDriver.java:302)
at com.eurofins.util.TestUtil.takeScreenshotAtEndOfTest(TestUtil.java:76)
at com.eurofins.util.WebEventListener.onException(WebEventListener.java:66)
at org.openqa.selenium.support.events.EventFiringWebDriver.lambda$new$0(EventFiringWebDriver.java:84)
at com.sun.proxy.$Proxy7.onException(Unknown Source)
at org.openqa.selenium.support.events.EventFiringWebDriver.lambda$new$1(EventFiringWebDriver.java:107)
at com.sun.proxy.$Proxy8.getScreenshotAs(Unknown Source)
at org.openqa.selenium.support.events.EventFiringWebDriver.getScreenshotAs(EventFiringWebDriver.java:302)
at com.eurofins.util.TestUtil.takeScreenshotAtEndOfTest(TestUtil.java:76)
at com.eurofins.util.WebEventListener.onException(WebEventListener.java:66)
at org.openqa.selenium.support.events.EventFiringWebDriver.lambda$new$0(EventFiringWebDriver.java:84)
at com.sun.proxy.$Proxy7.onException(Unknown Source)
at org.openqa.selenium.support.events.EventFiringWebDriver.lambda$new$1(EventFiringWebDriver.java:107)
at com.sun.proxy.$Proxy8.getScreenshotAs(Unknown Source)
at org.openqa.selenium.support.events.EventFiringWebDriver.getScreenshotAs(EventFiringWebDriver.java:302)
at com.eurofins.util.TestUtil.takeScreenshotAtEndOfTest(TestUtil.java:76)
at com.eurofins.util.WebEventListener.onException(WebEventListener.java:66)
at org.openqa.selenium.support.events.EventFiringWebDriver.lambda$new$0(EventFiringWebDriver.java:84)
at com.sun.proxy.$Proxy7.onException(Unknown Source)
at org.openqa.selenium.support.events.EventFiringWebDriver.lambda$new$1(EventFiringWebDriver.java:107)
at com.sun.proxy.$Proxy8.getScreenshotAs(Unknown Source)
at org.openqa.selenium.support.events.EventFiringWebDriver.getScreenshotAs(EventFiringWebDriver.java:302)
at com.eurofins.util.TestUtil.takeScreenshotAtEndOfTest(TestUtil.java:76)
at com.eurofins.util.WebEventListener.onException(WebEventListener.java:66)
at org.openqa.selenium.support.events.EventFiringWebDriver.lambda$new$0(EventFiringWebDriver.java:84)
at com.sun.proxy.$Proxy7.onException(Unknown Source)
at org.openqa.selenium.support.events.EventFiringWebDriver.lambda$new$1(EventFiringWebDriver.java:107)
at com.sun.proxy.$Proxy8.getScreenshotAs(Unknown Source)
at org.openqa.selenium.support.events.EventFiringWebDriver.getScreenshotAs(EventFiringWebDriver.java:302)
at com.eurofins.util.TestUtil.takeScreenshotAtEndOfTest(TestUtil.java:76)
at com.eurofins.util.WebEventListener.onException(WebEventListener.java:66)
at org.openqa.selenium.support.events.EventFiringWebDriver.lambda$new$0(EventFiringWebDriver.java:84)
at com.sun.proxy.$Proxy7.onException(Unknown Source)
at org.openqa.selenium.support.events.EventFiringWebDriver.lambda$new$1(EventFiringWebDriver.java:107)
at com.sun.proxy.$Proxy8.getScreenshotAs(Unknown Source)
at org.openqa.selenium.support.events.EventFiringWebDriver.getScreenshotAs(EventFiringWebDriver.java:302)
at com.eurofins.util.TestUtil.takeScreenshotAtEndOfTest(TestUtil.java:76)
at com.eurofins.util.WebEventListener.onException(WebEventListener.java:66)
at org.openqa.selenium.support.events.EventFiringWebDriver.lambda$new$0(EventFiringWebDriver.java:84)
at com.sun.proxy.$Proxy7.onException(Unknown Source)
at org.openqa.selenium.support.events.EventFiringWebDriver.lambda$new$1(EventFiringWebDriver.java:107)
at com.sun.proxy.$Proxy8.getScreenshotAs(Unknown Source)
at org.openqa.selenium.support.events.EventFiringWebDriver.getScreenshotAs(EventFiringWebDriver.java:302)
at com.eurofins.util.TestUtil.takeScreenshotAtEndOfTest(TestUtil.java:76)
at com.eurofins.util.WebEventListener.onException(WebEventListener.java:66)
at org.openqa.selenium.support.events.EventFiringWebDriver.lambda$new$0(EventFiringWebDriver.java:84)
at com.sun.proxy.$Proxy7.onException(Unknown Source)
at org.openqa.selenium.support.events.EventFiringWebDriver.lambda$new$1(EventFiringWebDriver.java:107)
at com.sun.proxy.$Proxy8.getScreenshotAs(Unknown Source)
at org.openqa.selenium.support.events.EventFiringWebDriver.getScreenshotAs(EventFiringWebDriver.java:302)
at com.eurofins.util.TestUtil.takeScreenshotAtEndOfTest(TestUtil.java:76)
at com.eurofins.util.WebEventListener.onException(WebEventListener.java:66)
at org.openqa.selenium.support.events.EventFiringWebDriver.lambda$new$0(EventFiringWebDriver.java:84)
at com.sun.proxy.$Proxy7.onException(Unknown Source)
at org.openqa.selenium.support.events.EventFiringWebDriver.lambda$new$1(EventFiringWebDriver.java:107)
at com.sun.proxy.$Proxy8.getScreenshotAs(Unknown Source)
at org.openqa.selenium.support.events.EventFiringWebDriver.getScreenshotAs(EventFiringWebDriver.java:302)
at com.eurofins.util.TestUtil.takeScreenshotAtEndOfTest(TestUtil.java:76)
at com.eurofins.util.WebEventListener.onException(WebEventListener.java:66)
at org.openqa.selenium.support.events.EventFiringWebDriver.lambda$new$0(EventFiringWebDriver.java:84)
at com.sun.proxy.$Proxy7.onException(Unknown Source)
at org.openqa.selenium.support.events.EventFiringWebDriver.lambda$new$1(EventFiringWebDriver.java:107)
at com.sun.proxy.$Proxy8.getScreenshotAs(Unknown Source)
at org.openqa.selenium.support.events.EventFiringWebDriver.getScreenshotAs(EventFiringWebDriver.java:302)
at com.eurofins.util.TestUtil.takeScreenshotAtEndOfTest(TestUtil.java:76)
at com.eurofins.util.WebEventListener.onException(WebEventListener.java:66)
at org.openqa.selenium.support.events.EventFiringWebDriver.lambda$new$0(EventFiringWebDriver.java:84)
at com.sun.proxy.$Proxy7.onException(Unknown Source)
at org.openqa.selenium.support.events.EventFiringWebDriver.lambda$new$1(EventFiringWebDriver.java:107)
at com.sun.proxy.$Proxy8.getScreenshotAs(Unknown Source)
at org.openqa.selenium.support.events.EventFiringWebDriver.getScreenshotAs(EventFiringWebDriver.java:302)
at com.eurofins.util.TestUtil.takeScreenshotAtEndOfTest(TestUtil.java:76)
at com.eurofins.util.WebEventListener.onException(WebEventListener.java:66)
at org.openqa.selenium.support.events.EventFiringWebDriver.lambda$new$0(EventFiringWebDriver.java:84)
at com.sun.proxy.$Proxy7.onException(Unknown Source)
at org.openqa.selenium.support.events.EventFiringWebDriver.lambda$new$1(EventFiringWebDriver.java:107)
at com.sun.proxy.$Proxy8.getScreenshotAs(Unknown Source)
at org.openqa.selenium.support.events.EventFiringWebDriver.getScreenshotAs(EventFiringWebDriver.java:302)
at com.eurofins.util.TestUtil.takeScreenshotAtEndOfTest(TestUtil.java:76)
at com.eurofins.util.WebEventListener.onException(WebEventListener.java:66)
at org.openqa.selenium.support.events.EventFiringWebDriver.lambda$new$0(EventFiringWebDriver.java:84)
at com.sun.proxy.$Proxy7.onException(Unknown Source)
at org.openqa.selenium.support.events.EventFiringWebDriver.lambda$new$1(EventFiringWebDriver.java:107)
at com.sun.proxy.$Proxy8.getScreenshotAs(Unknown Source)
at org.openqa.selenium.support.events.EventFiringWebDriver.getScreenshotAs(EventFiringWebDriver.java:302)
at com.eurofins.util.TestUtil.takeScreenshotAtEndOfTest(TestUtil.java:76)
at com.eurofins.util.WebEventListener.onException(WebEventListener.java:66)
at org.openqa.selenium.support.events.EventFiringWebDriver.lambda$new$0(EventFiringWebDriver.java:84)
at com.sun.proxy.$Proxy7.onException(Unknown Source)
at org.openqa.selenium.support.events.EventFiringWebDriver.lambda$new$1(EventFiringWebDriver.java:107)
at com.sun.proxy.$Proxy8.getScreenshotAs(Unknown Source)
at org.openqa.selenium.support.events.EventFiringWebDriver.getScreenshotAs(EventFiringWebDriver.java:302)
at com.eurofins.util.TestUtil.takeScreenshotAtEndOfTest(TestUtil.java:76)
at com.eurofins.util.WebEventListener.onException(WebEventListener.java:66)
at org.openqa.selenium.support.events.EventFiringWebDriver.lambda$new$0(EventFiringWebDriver.java:84)
at com.sun.proxy.$Proxy7.onException(Unknown Source)
at org.openqa.selenium.support.events.EventFiringWebDriver.lambda$new$1(EventFiringWebDriver.java:107)
at com.sun.proxy.$Proxy8.getScreenshotAs(Unknown Source)
at org.openqa.selenium.support.events.EventFiringWebDriver.getScreenshotAs(EventFiringWebDriver.java:302)
at com.eurofins.util.TestUtil.takeScreenshotAtEndOfTest(TestUtil.java:76)
at com.eurofins.util.WebEventListener.onException(WebEventListener.java:66)
at org.openqa.selenium.support.events.EventFiringWebDriver.lambda$new$0(EventFiringWebDriver.java:84)
at com.sun.proxy.$Proxy7.onException(Unknown Source)
at org.openqa.selenium.support.events.EventFiringWebDriver.lambda$new$1(EventFiringWebDriver.java:107)
at com.sun.proxy.$Proxy8.getScreenshotAs(Unknown Source)
at org.openqa.selenium.support.events.EventFiringWebDriver.getScreenshotAs(EventFiringWebDriver.java:302)
at com.eurofins.util.TestUtil.takeScreenshotAtEndOfTest(TestUtil.java:76)
at com.eurofins.util.WebEventListener.onException(WebEventListener.java:66)
at org.openqa.selenium.support.events.EventFiringWebDriver.lambda$new$0(EventFiringWebDriver.java:84)
at com.sun.proxy.$Proxy7.onException(Unknown Source)
at org.openqa.selenium.support.events.EventFiringWebDriver.lambda$new$1(EventFiringWebDriver.java:107)
at com.sun.proxy.$Proxy8.getScreenshotAs(Unknown Source)
at org.openqa.selenium.support.events.EventFiringWebDriver.getScreenshotAs(EventFiringWebDriver.java:302)
at com.eurofins.util.TestUtil.takeScreenshotAtEndOfTest(TestUtil.java:76)
at com.eurofins.util.WebEventListener.onException(WebEventListener.java:66)
at org.openqa.selenium.support.events.EventFiringWebDriver.lambda$new$0(EventFiringWebDriver.java:84)
at com.sun.proxy.$Proxy7.onException(Unknown Source)
at org.openqa.selenium.support.events.EventFiringWebDriver.lambda$new$1(EventFiringWebDriver.java:107)
at com.sun.proxy.$Proxy8.getScreenshotAs(Unknown Source)
at org.openqa.selenium.support.events.EventFiringWebDriver.getScreenshotAs(EventFiringWebDriver.java:302)
at com.eurofins.util.TestUtil.takeScreenshotAtEndOfTest(TestUtil.java:76)
at com.eurofins.util.WebEventListener.onException(WebEventListener.java:66)
at org.openqa.selenium.support.events.EventFiringWebDriver.lambda$new$0(EventFiringWebDriver.java:84)
at com.sun.proxy.$Proxy7.onException(Unknown Source)
at org.openqa.selenium.support.events.EventFiringWebDriver.lambda$new$1(EventFiringWebDriver.java:107)
at com.sun.proxy.$Proxy8.getScreenshotAs(Unknown Source)
at org.openqa.selenium.support.events.EventFiringWebDriver.getScreenshotAs(EventFiringWebDriver.java:302)
at com.eurofins.util.TestUtil.takeScreenshotAtEndOfTest(TestUtil.java:76)
at com.eurofins.util.WebEventListener.onException(WebEventListener.java:66)
at org.openqa.selenium.support.events.EventFiringWebDriver.lambda$new$0(EventFiringWebDriver.java:84)
at com.sun.proxy.$Proxy7.onException(Unknown Source)
at org.openqa.selenium.support.events.EventFiringWebDriver.lambda$new$1(EventFiringWebDriver.java:107)
at com.sun.proxy.$Proxy8.getScreenshotAs(Unknown Source)
at org.openqa.selenium.support.events.EventFiringWebDriver.getScreenshotAs(EventFiringWebDriver.java:302)
at com.eurofins.util.TestUtil.takeScreenshotAtEndOfTest(TestUtil.java:76)
at com.eurofins.util.WebEventListener.onException(WebEventListener.java:66)
at org.openqa.selenium.support.events.EventFiringWebDriver.lambda$new$0(EventFiringWebDriver.java:84)
at com.sun.proxy.$Proxy7.onException(Unknown Source)
at org.openqa.selenium.support.events.EventFiringWebDriver.lambda$new$1(EventFiringWebDriver.java:107)
at com.sun.proxy.$Proxy8.getScreenshotAs(Unknown Source)
at org.openqa.selenium.support.events.EventFiringWebDriver.getScreenshotAs(EventFiringWebDriver.java:302)
at com.eurofins.util.TestUtil.takeScreenshotAtEndOfTest(TestUtil.java:76)
at com.eurofins.util.WebEventListener.onException(WebEventListener.java:66)
at org.openqa.selenium.support.events.EventFiringWebDriver.lambda$new$0(EventFiringWebDriver.java:84)
at com.sun.proxy.$Proxy7.onException(Unknown Source)
at org.openqa.selenium.support.events.EventFiringWebDriver.lambda$new$1(EventFiringWebDriver.java:107)
at com.sun.proxy.$Proxy8.getScreenshotAs(Unknown Source)
at org.openqa.selenium.support.events.EventFiringWebDriver.getScreenshotAs(EventFiringWebDriver.java:302)
at com.eurofins.util.TestUtil.takeScreenshotAtEndOfTest(TestUtil.java:76)
at com.eurofins.util.WebEventListener.onException(WebEventListener.java:66)
at org.openqa.selenium.support.events.EventFiringWebDriver.lambda$new$0(EventFiringWebDriver.java:84)
at com.sun.proxy.$Proxy7.onException(Unknown Source)
at org.openqa.selenium.support.events.EventFiringWebDriver.lambda$new$1(EventFiringWebDriver.java:107)
at com.sun.proxy.$Proxy8.getScreenshotAs(Unknown Source)
at org.openqa.selenium.support.events.EventFiringWebDriver.getScreenshotAs(EventFiringWebDriver.java:302)
at com.eurofins.util.TestUtil.takeScreenshotAtEndOfTest(TestUtil.java:76)
at com.eurofins.util.WebEventListener.onException(WebEventListener.java:66)
at org.openqa.selenium.support.events.EventFiringWebDriver.lambda$new$0(EventFiringWebDriver.java:84)
at com.sun.proxy.$Proxy7.onException(Unknown Source)
at org.openqa.selenium.support.events.EventFiringWebDriver.lambda$new$1(EventFiringWebDriver.java:107)
at com.sun.proxy.$Proxy8.getScreenshotAs(Unknown Source)
at org.openqa.selenium.support.events.EventFiringWebDriver.getScreenshotAs(EventFiringWebDriver.java:302)
at com.eurofins.util.TestUtil.takeScreenshotAtEndOfTest(TestUtil.java:76)
at com.eurofins.util.WebEventListener.onException(WebEventListener.java:66)
at org.openqa.selenium.support.events.EventFiringWebDriver.lambda$new$0(EventFiringWebDriver.java:84)
at com.sun.proxy.$Proxy7.onException(Unknown Source)
at org.openqa.selenium.support.events.EventFiringWebDriver.lambda$new$1(EventFiringWebDriver.java:107)
at com.sun.proxy.$Proxy8.getScreenshotAs(Unknown Source)
at org.openqa.selenium.support.events.EventFiringWebDriver.getScreenshotAs(EventFiringWebDriver.java:302)
at com.eurofins.util.TestUtil.takeScreenshotAtEndOfTest(TestUtil.java:76)
at com.eurofins.util.WebEventListener.onException(WebEventListener.java:66)
at org.openqa.selenium.support.events.EventFiringWebDriver.lambda$new$0(EventFiringWebDriver.java:84)
at com.sun.proxy.$Proxy7.onException(Unknown Source)
at org.openqa.selenium.support.events.EventFiringWebDriver.lambda$new$1(EventFiringWebDriver.java:107)
at com.sun.proxy.$Proxy8.getScreenshotAs(Unknown Source)
at org.openqa.selenium.support.events.EventFiringWebDriver.getScreenshotAs(EventFiringWebDriver.java:302)
at com.eurofins.util.TestUtil.takeScreenshotAtEndOfTest(TestUtil.java:76)
at com.eurofins.util.WebEventListener.onException(WebEventListener.java:66)
at org.openqa.selenium.support.events.EventFiringWebDriver.lambda$new$0(EventFiringWebDriver.java:84)
at com.sun.proxy.$Proxy7.onException(Unknown Source)
at org.openqa.selenium.support.events.EventFiringWebDriver.lambda$new$1(EventFiringWebDriver.java:107)
at com.sun.proxy.$Proxy8.getScreenshotAs(Unknown Source)
at org.openqa.selenium.support.events.EventFiringWebDriver.getScreenshotAs(EventFiringWebDriver.java:302)
at com.eurofins.util.TestUtil.takeScreenshotAtEndOfTest(TestUtil.java:76)
at com.eurofins.util.WebEventListener.onException(WebEventListener.java:66)
at org.openqa.selenium.support.events.EventFiringWebDriver.lambda$new$0(EventFiringWebDriver.java:84)
at com.sun.proxy.$Proxy7.onException(Unknown Source)
at org.openqa.selenium.support.events.EventFiringWebDriver.lambda$new$1(EventFiringWebDriver.java:107)
at com.sun.proxy.$Proxy8.getScreenshotAs(Unknown Source)
at org.openqa.selenium.support.events.EventFiringWebDriver.getScreenshotAs(EventFiringWebDriver.java:302)
at com.eurofins.util.TestUtil.takeScreenshotAtEndOfTest(TestUtil.java:76)
at com.eurofins.util.WebEventListener.onException(WebEventListener.java:66)
at org.openqa.selenium.support.events.EventFiringWebDriver.lambda$new$0(EventFiringWebDriver.java:84)
at com.sun.proxy.$Proxy7.onException(Unknown Source)
at org.openqa.selenium.support.events.EventFiringWebDriver.lambda$new$1(EventFiringWebDriver.java:107)
at com.sun.proxy.$Proxy8.getScreenshotAs(Unknown Source)
at org.openqa.selenium.support.events.EventFiringWebDriver.getScreenshotAs(EventFiringWebDriver.java:302)
at com.eurofins.util.TestUtil.takeScreenshotAtEndOfTest(TestUtil.java:76)
at com.eurofins.util.WebEventListener.onException(WebEventListener.java:66)
at org.openqa.selenium.support.events.EventFiringWebDriver.lambda$new$0(EventFiringWebDriver.java:84)
at com.sun.proxy.$Proxy7.onException(Unknown Source)
at org.openqa.selenium.support.events.EventFiringWebDriver.lambda$new$1(EventFiringWebDriver.java:107)
at com.sun.proxy.$Proxy8.getScreenshotAs(Unknown Source)
at org.openqa.selenium.support.events.EventFiringWebDriver.getScreenshotAs(EventFiringWebDriver.java:302)
at com.eurofins.util.TestUtil.takeScreenshotAtEndOfTest(TestUtil.java:76)
at com.eurofins.util.WebEventListener.onException(WebEventListener.java:66)
at org.openqa.selenium.support.events.EventFiringWebDriver.lambda$new$0(EventFiringWebDriver.java:84)
at com.sun.proxy.$Proxy7.onException(Unknown Source)
at org.openqa.selenium.support.events.EventFiringWebDriver.lambda$new$1(EventFiringWebDriver.java:107)
at com.sun.proxy.$Proxy8.getScreenshotAs(Unknown Source)
at org.openqa.selenium.support.events.EventFiringWebDriver.getScreenshotAs(EventFiringWebDriver.java:302)
at com.eurofins.util.TestUtil.takeScreenshotAtEndOfTest(TestUtil.java:76)
at com.eurofins.util.WebEventListener.onException(WebEventListener.java:66)
at org.openqa.selenium.support.events.EventFiringWebDriver.lambda$new$0(EventFiringWebDriver.java:84)
at com.sun.proxy.$Proxy7.onException(Unknown Source)
at org.openqa.selenium.support.events.EventFiringWebDriver.lambda$new$1(EventFiringWebDriver.java:107)
at com.sun.proxy.$Proxy8.getScreenshotAs(Unknown Source)
at org.openqa.selenium.support.events.EventFiringWebDriver.getScreenshotAs(EventFiringWebDriver.java:302)
at com.eurofins.util.TestUtil.takeScreenshotAtEndOfTest(TestUtil.java:76)
at com.eurofins.util.WebEventListener.onException(WebEventListener.java:66)
at org.openqa.selenium.support.events.EventFiringWebDriver.lambda$new$0(EventFiringWebDriver.java:84)
at com.sun.proxy.$Proxy7.onException(Unknown Source)
at org.openqa.selenium.support.events.EventFiringWebDriver.lambda$new$1(EventFiringWebDriver.java:107)
at com.sun.proxy.$Proxy8.getScreenshotAs(Unknown Source)
at org.openqa.selenium.support.events.EventFiringWebDriver.getScreenshotAs(EventFiringWebDriver.java:302)
at com.eurofins.util.TestUtil.takeScreenshotAtEndOfTest(TestUtil.java:76)
at com.eurofins.util.WebEventListener.onException(WebEventListener.java:66)
at org.openqa.selenium.support.events.EventFiringWebDriver.lambda$new$0(EventFiringWebDriver.java:84)
at com.sun.proxy.$Proxy7.onException(Unknown Source)
at org.openqa.selenium.support.events.EventFiringWebDriver.lambda$new$1(EventFiringWebDriver.java:107)
at com.sun.proxy.$Proxy8.getScreenshotAs(Unknown Source)
at org.openqa.selenium.support.events.EventFiringWebDriver.getScreenshotAs(EventFiringWebDriver.java:302)
at com.eurofins.util.TestUtil.takeScreenshotAtEndOfTest(TestUtil.java:76)
at com.eurofins.util.WebEventListener.onException(WebEventListener.java:66)
at org.openqa.selenium.support.events.EventFiringWebDriver.lambda$new$0(EventFiringWebDriver.java:84)
at com.sun.proxy.$Proxy7.onException(Unknown Source)
at org.openqa.selenium.support.events.EventFiringWebDriver.lambda$new$1(EventFiringWebDriver.java:107)
at com.sun.proxy.$Proxy8.getScreenshotAs(Unknown Source)
at org.openqa.selenium.support.events.EventFiringWebDriver.getScreenshotAs(EventFiringWebDriver.java:302)
at com.eurofins.util.TestUtil.takeScreenshotAtEndOfTest(TestUtil.java:76)
at com.eurofins.util.WebEventListener.onException(WebEventListener.java:66)
at org.openqa.selenium.support.events.EventFiringWebDriver.lambda$new$0(EventFiringWebDriver.java:84)
at com.sun.proxy.$Proxy7.onException(Unknown Source)
at org.openqa.selenium.support.events.EventFiringWebDriver.lambda$new$1(EventFiringWebDriver.java:107)
at com.sun.proxy.$Proxy8.getScreenshotAs(Unknown Source)
at org.openqa.selenium.support.events.EventFiringWebDriver.getScreenshotAs(EventFiringWebDriver.java:302)
at com.eurofins.util.TestUtil.takeScreenshotAtEndOfTest(TestUtil.java:76)
at com.eurofins.util.WebEventListener.onException(WebEventListener.java:66)
at org.openqa.selenium.support.events.EventFiringWebDriver.lambda$new$0(EventFiringWebDriver.java:84)
at com.sun.proxy.$Proxy7.onException(Unknown Source)
at org.openqa.selenium.support.events.EventFiringWebDriver.lambda$new$1(EventFiringWebDriver.java:107)
at com.sun.proxy.$Proxy8.getScreenshotAs(Unknown Source)
at org.openqa.selenium.support.events.EventFiringWebDriver.getScreenshotAs(EventFiringWebDriver.java:302)
at com.eurofins.util.TestUtil.takeScreenshotAtEndOfTest(TestUtil.java:76)
at com.eurofins.util.WebEventListener.onException(WebEventListener.java:66)
at org.openqa.selenium.support.events.EventFiringWebDriver.lambda$new$0(EventFiringWebDriver.java:84)
at com.sun.proxy.$Proxy7.onException(Unknown Source)
at org.openqa.selenium.support.events.EventFiringWebDriver.lambda$new$1(EventFiringWebDriver.java:107)
at com.sun.proxy.$Proxy8.getScreenshotAs(Unknown Source)
at org.openqa.selenium.support.events.EventFiringWebDriver.getScreenshotAs(EventFiringWebDriver.java:302)
at com.eurofins.util.TestUtil.takeScreenshotAtEndOfTest(TestUtil.java:76)
at com.eurofins.util.WebEventListener.onException(WebEventListener.java:66)
at org.openqa.selenium.support.events.EventFiringWebDriver.lambda$new$0(EventFiringWebDriver.java:84)
at com.sun.proxy.$Proxy7.onException(Unknown Source)
at org.openqa.selenium.support.events.EventFiringWebDriver.lambda$new$1(EventFiringWebDriver.java:107)
at com.sun.proxy.$Proxy8.getScreenshotAs(Unknown Source)
at org.openqa.selenium.support.events.EventFiringWebDriver.getScreenshotAs(EventFiringWebDriver.java:302)
at com.eurofins.util.TestUtil.takeScreenshotAtEndOfTest(TestUtil.java:76)
at com.eurofins.util.WebEventListener.onException(WebEventListener.java:66)
at org.openqa.selenium.support.events.EventFiringWebDriver.lambda$new$0(EventFiringWebDriver.java:84)
at com.sun.proxy.$Proxy7.onException(Unknown Source)
at org.openqa.selenium.support.events.EventFiringWebDriver.lambda$new$1(EventFiringWebDriver.java:107)
at com.sun.proxy.$Proxy8.getScreenshotAs(Unknown Source)
at org.openqa.selenium.support.events.EventFiringWebDriver.getScreenshotAs(EventFiringWebDriver.java:302)
at com.eurofins.util.TestUtil.takeScreenshotAtEndOfTest(TestUtil.java:76)
at com.eurofins.util.WebEventListener.onException(WebEventListener.java:66)
at org.openqa.selenium.support.events.EventFiringWebDriver.lambda$new$0(EventFiringWebDriver.java:84)
at com.sun.proxy.$Proxy7.onException(Unknown Source)
at org.openqa.selenium.support.events.EventFiringWebDriver.lambda$new$1(EventFiringWebDriver.java:107)
at com.sun.proxy.$Proxy8.getScreenshotAs(Unknown Source)
at org.openqa.selenium.support.events.EventFiringWebDriver.getScreenshotAs(EventFiringWebDriver.java:302)
at com.eurofins.util.TestUtil.takeScreenshotAtEndOfTest(TestUtil.java:76)
at com.eurofins.util.WebEventListener.onException(WebEventListener.java:66)
at org.openqa.selenium.support.events.EventFiringWebDriver.lambda$new$0(EventFiringWebDriver.java:84)
at com.sun.proxy.$Proxy7.onException(Unknown Source)
at org.openqa.selenium.support.events.EventFiringWebDriver.lambda$new$1(EventFiringWebDriver.java:107)
at com.sun.proxy.$Proxy8.getScreenshotAs(Unknown Source)
at org.openqa.selenium.support.events.EventFiringWebDriver.getScreenshotAs(EventFiringWebDriver.java:302)
at com.eurofins.util.TestUtil.takeScreenshotAtEndOfTest(TestUtil.java:76)
at com.eurofins.util.WebEventListener.onException(WebEventListener.java:66)
at org.openqa.selenium.support.events.EventFiringWebDriver.lambda$new$0(EventFiringWebDriver.java:84)
at com.sun.proxy.$Proxy7.onException(Unknown Source)
at org.openqa.selenium.support.events.EventFiringWebDriver.lambda$new$1(EventFiringWebDriver.java:107)
at com.sun.proxy.$Proxy8.getScreenshotAs(Unknown Source)
at org.openqa.selenium.support.events.EventFiringWebDriver.getScreenshotAs(EventFiringWebDriver.java:302)
at com.eurofins.util.TestUtil.takeScreenshotAtEndOfTest(TestUtil.java:76)
at com.eurofins.util.WebEventListener.onException(WebEventListener.java:66)
at org.openqa.selenium.support.events.EventFiringWebDriver.lambda$new$0(EventFiringWebDriver.java:84)
at com.sun.proxy.$Proxy7.onException(Unknown Source)
at org.openqa.selenium.support.events.EventFiringWebDriver.lambda$new$1(EventFiringWebDriver.java:107)
at com.sun.proxy.$Proxy8.getScreenshotAs(Unknown Source)
at org.openqa.selenium.support.events.EventFiringWebDriver.getScreenshotAs(EventFiringWebDriver.java:302)
at com.eurofins.util.TestUtil.takeScreenshotAtEndOfTest(TestUtil.java:76)
at com.eurofins.util.WebEventListener.onException(WebEventListener.java:66)
at org.openqa.selenium.support.events.EventFiringWebDriver.lambda$new$0(EventFiringWebDriver.java:84)
at com.sun.proxy.$Proxy7.onException(Unknown Source)
at org.openqa.selenium.support.events.EventFiringWebDriver.lambda$new$1(EventFiringWebDriver.java:107)
at com.sun.proxy.$Proxy8.getScreenshotAs(Unknown Source)
at org.openqa.selenium.support.events.EventFiringWebDriver.getScreenshotAs(EventFiringWebDriver.java:302)
at com.eurofins.util.TestUtil.takeScreenshotAtEndOfTest(TestUtil.java:76)
at com.eurofins.util.WebEventListener.onException(WebEventListener.java:66)
at org.openqa.selenium.support.events.EventFiringWebDriver.lambda$new$0(EventFiringWebDriver.java:84)
at com.sun.proxy.$Proxy7.onException(Unknown Source)
at org.openqa.selenium.support.events.EventFiringWebDriver.lambda$new$1(EventFiringWebDriver.java:107)
at com.sun.proxy.$Proxy8.getScreenshotAs(Unknown Source)
at org.openqa.selenium.support.events.EventFiringWebDriver.getScreenshotAs(EventFiringWebDriver.java:302)
at com.eurofins.util.TestUtil.takeScreenshotAtEndOfTest(TestUtil.java:76)
at com.eurofins.util.WebEventListener.onException(WebEventListener.java:66)
at org.openqa.selenium.support.events.EventFiringWebDriver.lambda$new$0(EventFiringWebDriver.java:84)
at com.sun.proxy.$Proxy7.onException(Unknown Source)
at org.openqa.selenium.support.events.EventFiringWebDriver.lambda$new$1(EventFiringWebDriver.java:107)
at com.sun.proxy.$Proxy8.getScreenshotAs(Unknown Source)
at org.openqa.selenium.support.events.EventFiringWebDriver.getScreenshotAs(EventFiringWebDriver.java:302)
at com.eurofins.util.TestUtil.takeScreenshotAtEndOfTest(TestUtil.java:76)
at com.eurofins.util.WebEventListener.onException(WebEventListener.java:66)
at org.openqa.selenium.support.events.EventFiringWebDriver.lambda$new$0(EventFiringWebDriver.java:84)
at com.sun.proxy.$Proxy7.onException(Unknown Source)
at org.openqa.selenium.support.events.EventFiringWebDriver.lambda$new$1(EventFiringWebDriver.java:107)
at com.sun.proxy.$Proxy8.getScreenshotAs(Unknown Source)
at org.openqa.selenium.support.events.EventFiringWebDriver.getScreenshotAs(EventFiringWebDriver.java:302)
at com.eurofins.util.TestUtil.takeScreenshotAtEndOfTest(TestUtil.java:76)
at com.eurofins.util.WebEventListener.onException(WebEventListener.java:66)
... Removed 310 stack frames]]>
    </failure>
  </testcase> <!-- @BeforeMethod setUp -->
  <testcase name="@BeforeMethod setUp" time="0.0" classname="com.eurofins.testcases.HomePageTest">
    <skipped/>
  </testcase> <!-- @BeforeMethod setUp -->
  <testcase name="@BeforeMethod setUp" time="0.0" classname="com.eurofins.testcases.HomePageTest">
    <skipped/>
  </testcase> <!-- @BeforeMethod setUp -->
  <testcase name="@BeforeMethod setUp" time="0.0" classname="com.eurofins.testcases.HomePageTest">
    <skipped/>
  </testcase> <!-- @BeforeMethod setUp -->
  <testcase name="@BeforeMethod setUp" time="0.0" classname="com.eurofins.testcases.HomePageTest">
    <skipped/>
  </testcase> <!-- @BeforeMethod setUp -->
  <testcase name="@BeforeMethod setUp" time="0.0" classname="com.eurofins.testcases.HomePageTest">
    <skipped/>
  </testcase> <!-- @BeforeMethod setUp -->
  <testcase name="@BeforeMethod setUp" time="0.0" classname="com.eurofins.testcases.HomePageTest">
    <skipped/>
  </testcase> <!-- @BeforeMethod setUp -->
  <testcase name="@BeforeMethod setUp" time="0.0" classname="com.eurofins.testcases.HomePageTest">
    <skipped/>
  </testcase> <!-- @BeforeMethod setUp -->
  <testcase name="@BeforeMethod setUp" time="0.0" classname="com.eurofins.testcases.HomePageTest">
    <skipped/>
  </testcase> <!-- @BeforeMethod setUp -->
  <testcase name="@BeforeMethod setUp" time="0.0" classname="com.eurofins.testcases.HomePageTest">
    <skipped/>
  </testcase> <!-- @BeforeMethod setUp -->
  <testcase name="@BeforeMethod setUp" time="0.0" classname="com.eurofins.testcases.HomePageTest">
    <skipped/>
  </testcase> <!-- @BeforeMethod setUp -->
  <testcase name="@BeforeMethod setUp" time="0.0" classname="com.eurofins.testcases.HomePageTest">
    <skipped/>
  </testcase> <!-- @BeforeMethod setUp -->
  <testcase name="@BeforeMethod setUp" time="0.0" classname="com.eurofins.testcases.HomePageTest">
    <skipped/>
  </testcase> <!-- @BeforeMethod setUp -->
  <testcase name="@BeforeMethod setUp" time="0.0" classname="com.eurofins.testcases.HomePageTest">
    <skipped/>
  </testcase> <!-- @BeforeMethod setUp -->
  <testcase name="@BeforeMethod setUp" time="0.0" classname="com.eurofins.testcases.HomePageTest">
    <skipped/>
  </testcase> <!-- @BeforeMethod setUp -->
  <testcase name="@BeforeMethod setUp" time="0.0" classname="com.eurofins.testcases.HomePageTest">
    <skipped/>
  </testcase> <!-- @BeforeMethod setUp -->
  <testcase name="@BeforeMethod setUp" time="0.0" classname="com.eurofins.testcases.HomePageTest">
    <skipped/>
  </testcase> <!-- @BeforeMethod setUp -->
  <testcase name="@BeforeMethod setUp" time="0.0" classname="com.eurofins.testcases.HomePageTest">
    <skipped/>
  </testcase> <!-- @BeforeMethod setUp -->
  <testcase name="@BeforeMethod setUp" time="0.0" classname="com.eurofins.testcases.HomePageTest">
    <skipped/>
  </testcase> <!-- @BeforeMethod setUp -->
  <testcase name="@BeforeMethod setUp" time="0.0" classname="com.eurofins.testcases.HomePageTest">
    <skipped/>
  </testcase> <!-- @BeforeMethod setUp -->
  <testcase name="@BeforeMethod setUp" time="0.0" classname="com.eurofins.testcases.HomePageTest">
    <skipped/>
  </testcase> <!-- @BeforeMethod setUp -->
  <testcase name="@BeforeMethod setUp" time="0.0" classname="com.eurofins.testcases.HomePageTest">
    <skipped/>
  </testcase> <!-- @BeforeMethod setUp -->
  <testcase name="@BeforeMethod setUp" time="0.0" classname="com.eurofins.testcases.HomePageTest">
    <skipped/>
  </testcase> <!-- @BeforeMethod setUp -->
  <testcase name="@BeforeMethod setUp" time="0.0" classname="com.eurofins.testcases.HomePageTest">
    <skipped/>
  </testcase> <!-- @BeforeMethod setUp -->
  <testcase name="@BeforeMethod setUp" time="0.0" classname="com.eurofins.testcases.HomePageTest">
    <skipped/>
  </testcase> <!-- @BeforeMethod setUp -->
  <testcase name="@BeforeMethod setUp" time="0.0" classname="com.eurofins.testcases.HomePageTest">
    <skipped/>
  </testcase> <!-- @BeforeMethod setUp -->
  <testcase name="@BeforeMethod setUp" time="0.0" classname="com.eurofins.testcases.HomePageTest">
    <skipped/>
  </testcase> <!-- @BeforeMethod setUp -->
  <testcase name="@BeforeMethod setUp" time="0.0" classname="com.eurofins.testcases.HomePageTest">
    <skipped/>
  </testcase> <!-- @BeforeMethod setUp -->
  <testcase name="@BeforeMethod setUp" time="0.0" classname="com.eurofins.testcases.HomePageTest">
    <skipped/>
  </testcase> <!-- @BeforeMethod setUp -->
  <testcase name="@BeforeMethod setUp" time="0.0" classname="com.eurofins.testcases.HomePageTest">
    <skipped/>
  </testcase> <!-- @BeforeMethod setUp -->
  <testcase name="@BeforeMethod setUp" time="0.0" classname="com.eurofins.testcases.HomePageTest">
    <skipped/>
  </testcase> <!-- @BeforeMethod setUp -->
  <testcase name="@BeforeMethod setUp" time="0.0" classname="com.eurofins.testcases.HomePageTest">
    <skipped/>
  </testcase> <!-- @BeforeMethod setUp -->
  <testcase name="@BeforeMethod setUp" time="0.0" classname="com.eurofins.testcases.HomePageTest">
    <skipped/>
  </testcase> <!-- @BeforeMethod setUp -->
  <testcase name="@BeforeMethod setUp" time="0.0" classname="com.eurofins.testcases.HomePageTest">
    <skipped/>
  </testcase> <!-- @BeforeMethod setUp -->
  <testcase name="@BeforeMethod setUp" time="0.0" classname="com.eurofins.testcases.HomePageTest">
    <skipped/>
  </testcase> <!-- @BeforeMethod setUp -->
  <testcase name="@BeforeMethod setUp" time="0.0" classname="com.eurofins.testcases.HomePageTest">
    <skipped/>
  </testcase> <!-- @BeforeMethod setUp -->
  <testcase name="@BeforeMethod setUp" time="0.0" classname="com.eurofins.testcases.HomePageTest">
    <skipped/>
  </testcase> <!-- @BeforeMethod setUp -->
  <testcase name="@BeforeMethod setUp" time="0.0" classname="com.eurofins.testcases.HomePageTest">
    <skipped/>
  </testcase> <!-- @BeforeMethod setUp -->
  <testcase name="@BeforeMethod setUp" time="0.0" classname="com.eurofins.testcases.HomePageTest">
    <skipped/>
  </testcase> <!-- @BeforeMethod setUp -->
  <testcase name="@BeforeMethod setUp" time="0.0" classname="com.eurofins.testcases.HomePageTest">
    <skipped/>
  </testcase> <!-- @BeforeMethod setUp -->
  <testcase name="@BeforeMethod setUp" time="0.0" classname="com.eurofins.testcases.HomePageTest">
    <skipped/>
  </testcase> <!-- @BeforeMethod setUp -->
  <testcase name="@BeforeMethod setUp" time="0.0" classname="com.eurofins.testcases.HomePageTest">
    <skipped/>
  </testcase> <!-- @BeforeMethod setUp -->
  <testcase name="@BeforeMethod setUp" time="0.0" classname="com.eurofins.testcases.HomePageTest">
    <skipped/>
  </testcase> <!-- @BeforeMethod setUp -->
  <testcase name="@BeforeMethod setUp" time="0.0" classname="com.eurofins.testcases.HomePageTest">
    <skipped/>
  </testcase> <!-- @BeforeMethod setUp -->
  <testcase name="@BeforeMethod setUp" time="0.0" classname="com.eurofins.testcases.HomePageTest">
    <skipped/>
  </testcase> <!-- @BeforeMethod setUp -->
  <testcase name="@BeforeMethod setUp" time="0.0" classname="com.eurofins.testcases.HomePageTest">
    <skipped/>
  </testcase> <!-- @BeforeMethod setUp -->
  <testcase name="@BeforeMethod setUp" time="0.0" classname="com.eurofins.testcases.HomePageTest">
    <skipped/>
  </testcase> <!-- @BeforeMethod setUp -->
  <testcase name="@BeforeMethod setUp" time="0.0" classname="com.eurofins.testcases.HomePageTest">
    <skipped/>
  </testcase> <!-- @BeforeMethod setUp -->
  <testcase name="@BeforeMethod setUp" time="0.0" classname="com.eurofins.testcases.HomePageTest">
    <skipped/>
  </testcase> <!-- @BeforeMethod setUp -->
  <testcase name="@BeforeMethod setUp" time="0.0" classname="com.eurofins.testcases.HomePageTest">
    <skipped/>
  </testcase> <!-- @BeforeMethod setUp -->
  <testcase name="@BeforeMethod setUp" time="0.0" classname="com.eurofins.testcases.HomePageTest">
    <skipped/>
  </testcase> <!-- @BeforeMethod setUp -->
  <testcase name="@BeforeMethod setUp" time="0.0" classname="com.eurofins.testcases.HomePageTest">
    <skipped/>
  </testcase> <!-- @BeforeMethod setUp -->
  <testcase name="@BeforeMethod setUp" time="0.0" classname="com.eurofins.testcases.HomePageTest">
    <skipped/>
  </testcase> <!-- @BeforeMethod setUp -->
  <testcase name="@BeforeMethod setUp" time="0.0" classname="com.eurofins.testcases.HomePageTest">
    <skipped/>
  </testcase> <!-- @BeforeMethod setUp -->
  <testcase name="@BeforeMethod setUp" time="0.0" classname="com.eurofins.testcases.HomePageTest">
    <skipped/>
  </testcase> <!-- @BeforeMethod setUp -->
  <testcase name="@BeforeMethod setUp" time="0.0" classname="com.eurofins.testcases.HomePageTest">
    <skipped/>
  </testcase> <!-- @BeforeMethod setUp -->
  <testcase name="@BeforeMethod setUp" time="0.0" classname="com.eurofins.testcases.HomePageTest">
    <skipped/>
  </testcase> <!-- @BeforeMethod setUp -->
  <testcase name="@BeforeMethod setUp" time="0.0" classname="com.eurofins.testcases.HomePageTest">
    <skipped/>
  </testcase> <!-- @BeforeMethod setUp -->
  <testcase name="@BeforeMethod setUp" time="0.0" classname="com.eurofins.testcases.HomePageTest">
    <skipped/>
  </testcase> <!-- @BeforeMethod setUp -->
  <testcase name="@BeforeMethod setUp" time="0.0" classname="com.eurofins.testcases.HomePageTest">
    <skipped/>
  </testcase> <!-- @BeforeMethod setUp -->
  <testcase name="@BeforeMethod setUp" time="0.0" classname="com.eurofins.testcases.HomePageTest">
    <skipped/>
  </testcase> <!-- @BeforeMethod setUp -->
  <testcase name="@BeforeMethod setUp" time="0.0" classname="com.eurofins.testcases.HomePageTest">
    <skipped/>
  </testcase> <!-- @BeforeMethod setUp -->
  <testcase name="@BeforeMethod setUp" time="0.0" classname="com.eurofins.testcases.HomePageTest">
    <skipped/>
  </testcase> <!-- @BeforeMethod setUp -->
  <testcase name="@BeforeMethod setUp" time="0.0" classname="com.eurofins.testcases.HomePageTest">
    <skipped/>
  </testcase> <!-- @BeforeMethod setUp -->
  <testcase name="@BeforeMethod setUp" time="0.0" classname="com.eurofins.testcases.HomePageTest">
    <skipped/>
  </testcase> <!-- @BeforeMethod setUp -->
  <testcase name="@BeforeMethod setUp" time="0.0" classname="com.eurofins.testcases.HomePageTest">
    <skipped/>
  </testcase> <!-- @BeforeMethod setUp -->
  <testcase name="@BeforeMethod setUp" time="0.0" classname="com.eurofins.testcases.HomePageTest">
    <skipped/>
  </testcase> <!-- @BeforeMethod setUp -->
  <testcase name="@BeforeMethod setUp" time="0.0" classname="com.eurofins.testcases.HomePageTest">
    <skipped/>
  </testcase> <!-- @BeforeMethod setUp -->
  <testcase name="@BeforeMethod setUp" time="0.0" classname="com.eurofins.testcases.HomePageTest">
    <skipped/>
  </testcase> <!-- @BeforeMethod setUp -->
  <testcase name="@BeforeMethod setUp" time="0.0" classname="com.eurofins.testcases.HomePageTest">
    <skipped/>
  </testcase> <!-- @BeforeMethod setUp -->
  <testcase name="@BeforeMethod setUp" time="0.0" classname="com.eurofins.testcases.HomePageTest">
    <skipped/>
  </testcase> <!-- @BeforeMethod setUp -->
  <testcase name="@BeforeMethod setUp" time="0.0" classname="com.eurofins.testcases.HomePageTest">
    <skipped/>
  </testcase> <!-- @BeforeMethod setUp -->
  <testcase name="@BeforeMethod setUp" time="0.0" classname="com.eurofins.testcases.HomePageTest">
    <skipped/>
  </testcase> <!-- @BeforeMethod setUp -->
  <testcase name="@BeforeMethod setUp" time="0.0" classname="com.eurofins.testcases.HomePageTest">
    <skipped/>
  </testcase> <!-- @BeforeMethod setUp -->
  <testcase name="@BeforeMethod setUp" time="0.0" classname="com.eurofins.testcases.HomePageTest">
    <skipped/>
  </testcase> <!-- @BeforeMethod setUp -->
  <testcase name="@BeforeMethod setUp" time="0.0" classname="com.eurofins.testcases.HomePageTest">
    <skipped/>
  </testcase> <!-- @BeforeMethod setUp -->
  <testcase name="@BeforeMethod setUp" time="0.0" classname="com.eurofins.testcases.HomePageTest">
    <skipped/>
  </testcase> <!-- @BeforeMethod setUp -->
  <testcase name="@BeforeMethod setUp" time="0.0" classname="com.eurofins.testcases.HomePageTest">
    <skipped/>
  </testcase> <!-- @BeforeMethod setUp -->
  <testcase name="@BeforeMethod setUp" time="0.0" classname="com.eurofins.testcases.HomePageTest">
    <skipped/>
  </testcase> <!-- @BeforeMethod setUp -->
  <testcase name="@BeforeMethod setUp" time="0.0" classname="com.eurofins.testcases.HomePageTest">
    <skipped/>
  </testcase> <!-- @BeforeMethod setUp -->
  <testcase name="@BeforeMethod setUp" time="0.0" classname="com.eurofins.testcases.HomePageTest">
    <skipped/>
  </testcase> <!-- @BeforeMethod setUp -->
  <testcase name="@BeforeMethod setUp" time="0.0" classname="com.eurofins.testcases.HomePageTest">
    <skipped/>
  </testcase> <!-- @BeforeMethod setUp -->
  <testcase name="@BeforeMethod setUp" time="0.0" classname="com.eurofins.testcases.HomePageTest">
    <skipped/>
  </testcase> <!-- @BeforeMethod setUp -->
  <testcase name="@BeforeMethod setUp" time="0.0" classname="com.eurofins.testcases.HomePageTest">
    <skipped/>
  </testcase> <!-- @BeforeMethod setUp -->
  <testcase name="@BeforeMethod setUp" time="0.0" classname="com.eurofins.testcases.HomePageTest">
    <skipped/>
  </testcase> <!-- @BeforeMethod setUp -->
  <testcase name="@BeforeMethod setUp" time="0.0" classname="com.eurofins.testcases.HomePageTest">
    <skipped/>
  </testcase> <!-- @BeforeMethod setUp -->
  <testcase name="@BeforeMethod setUp" time="0.0" classname="com.eurofins.testcases.HomePageTest">
    <skipped/>
  </testcase> <!-- @BeforeMethod setUp -->
  <testcase name="@BeforeMethod setUp" time="0.0" classname="com.eurofins.testcases.HomePageTest">
    <skipped/>
  </testcase> <!-- @BeforeMethod setUp -->
  <testcase name="@BeforeMethod setUp" time="0.0" classname="com.eurofins.testcases.HomePageTest">
    <skipped/>
  </testcase> <!-- @BeforeMethod setUp -->
  <testcase name="@BeforeMethod setUp" time="0.0" classname="com.eurofins.testcases.HomePageTest">
    <skipped/>
  </testcase> <!-- @BeforeMethod setUp -->
  <testcase name="@BeforeMethod setUp" time="0.0" classname="com.eurofins.testcases.HomePageTest">
    <skipped/>
  </testcase> <!-- @BeforeMethod setUp -->
  <testcase name="@BeforeMethod setUp" time="0.0" classname="com.eurofins.testcases.HomePageTest">
    <skipped/>
  </testcase> <!-- @BeforeMethod setUp -->
  <testcase name="@BeforeMethod setUp" time="0.0" classname="com.eurofins.testcases.HomePageTest">
    <skipped/>
  </testcase> <!-- @BeforeMethod setUp -->
  <testcase name="@BeforeMethod setUp" time="0.0" classname="com.eurofins.testcases.HomePageTest">
    <skipped/>
  </testcase> <!-- @BeforeMethod setUp -->
  <testcase name="@BeforeMethod setUp" time="0.0" classname="com.eurofins.testcases.HomePageTest">
    <skipped/>
  </testcase> <!-- @BeforeMethod setUp -->
  <testcase name="@BeforeMethod setUp" time="0.0" classname="com.eurofins.testcases.HomePageTest">
    <skipped/>
  </testcase> <!-- @BeforeMethod setUp -->
  <testcase name="@BeforeMethod setUp" time="0.0" classname="com.eurofins.testcases.HomePageTest">
    <skipped/>
  </testcase> <!-- @BeforeMethod setUp -->
  <testcase name="@BeforeMethod setUp" time="0.0" classname="com.eurofins.testcases.HomePageTest">
    <skipped/>
  </testcase> <!-- @BeforeMethod setUp -->
  <testcase name="@BeforeMethod setUp" time="0.0" classname="com.eurofins.testcases.HomePageTest">
    <skipped/>
  </testcase> <!-- @BeforeMethod setUp -->
  <testcase name="@BeforeMethod setUp" time="0.0" classname="com.eurofins.testcases.HomePageTest">
    <skipped/>
  </testcase> <!-- @BeforeMethod setUp -->
  <testcase name="@BeforeMethod setUp" time="0.0" classname="com.eurofins.testcases.HomePageTest">
    <skipped/>
  </testcase> <!-- @BeforeMethod setUp -->
  <testcase name="@BeforeMethod setUp" time="0.0" classname="com.eurofins.testcases.HomePageTest">
    <skipped/>
  </testcase> <!-- @BeforeMethod setUp -->
  <testcase name="@BeforeMethod setUp" time="0.0" classname="com.eurofins.testcases.HomePageTest">
    <skipped/>
  </testcase> <!-- @BeforeMethod setUp -->
  <testcase name="@BeforeMethod setUp" time="0.0" classname="com.eurofins.testcases.HomePageTest">
    <skipped/>
  </testcase> <!-- @BeforeMethod setUp -->
  <testcase name="@BeforeMethod setUp" time="0.0" classname="com.eurofins.testcases.HomePageTest">
    <skipped/>
  </testcase> <!-- @BeforeMethod setUp -->
  <testcase name="@BeforeMethod setUp" time="0.0" classname="com.eurofins.testcases.HomePageTest">
    <skipped/>
  </testcase> <!-- @BeforeMethod setUp -->
  <testcase name="@BeforeMethod setUp" time="0.0" classname="com.eurofins.testcases.HomePageTest">
    <skipped/>
  </testcase> <!-- @BeforeMethod setUp -->
  <testcase name="@BeforeMethod setUp" time="0.0" classname="com.eurofins.testcases.HomePageTest">
    <skipped/>
  </testcase> <!-- @BeforeMethod setUp -->
  <testcase name="@BeforeMethod setUp" time="0.0" classname="com.eurofins.testcases.HomePageTest">
    <skipped/>
  </testcase> <!-- @BeforeMethod setUp -->
  <testcase name="@BeforeMethod setUp" time="0.0" classname="com.eurofins.testcases.HomePageTest">
    <skipped/>
  </testcase> <!-- @BeforeMethod setUp -->
  <testcase name="@BeforeMethod setUp" time="0.0" classname="com.eurofins.testcases.HomePageTest">
    <skipped/>
  </testcase> <!-- @BeforeMethod setUp -->
  <testcase name="@BeforeMethod setUp" time="0.0" classname="com.eurofins.testcases.HomePageTest">
    <skipped/>
  </testcase> <!-- @BeforeMethod setUp -->
  <testcase name="@BeforeMethod setUp" time="0.0" classname="com.eurofins.testcases.HomePageTest">
    <skipped/>
  </testcase> <!-- @BeforeMethod setUp -->
  <testcase name="@BeforeMethod setUp" time="0.0" classname="com.eurofins.testcases.HomePageTest">
    <skipped/>
  </testcase> <!-- @BeforeMethod setUp -->
  <testcase name="@BeforeMethod setUp" time="0.0" classname="com.eurofins.testcases.HomePageTest">
    <skipped/>
  </testcase> <!-- @BeforeMethod setUp -->
  <testcase name="ObtainAllLinks" time="900.206" classname="com.eurofins.testcases.CollectAllLinks"/>
  <testcase name="homePageTitleTest" time="0.0" classname="com.eurofins.testcases.HomePageTest">
    <skipped/>
  </testcase> <!-- homePageTitleTest -->
  <testcase name="checkStatusCode" time="0.0" classname="com.eurofins.testcases.CollectAllLinks">
    <skipped/>
  </testcase> <!-- checkStatusCode -->
  <testcase name="homePageLogoTest" time="0.0" classname="com.eurofins.testcases.HomePageTest">
    <skipped/>
  </testcase> <!-- homePageLogoTest -->
  <testcase name="groupNavLink1Test" time="0.0" classname="com.eurofins.testcases.HomePageTest">
    <skipped/>
  </testcase> <!-- groupNavLink1Test -->
  <testcase name="groupNavLink2Test" time="0.0" classname="com.eurofins.testcases.HomePageTest">
    <skipped/>
  </testcase> <!-- groupNavLink2Test -->
  <testcase name="groupNavLink3Test" time="0.0" classname="com.eurofins.testcases.HomePageTest">
    <skipped/>
  </testcase> <!-- groupNavLink3Test -->
  <testcase name="groupNavLink4Test" time="0.0" classname="com.eurofins.testcases.HomePageTest">
    <skipped/>
  </testcase> <!-- groupNavLink4Test -->
  <testcase name="groupNavLink5Test" time="0.0" classname="com.eurofins.testcases.HomePageTest">
    <skipped/>
  </testcase> <!-- groupNavLink5Test -->
  <testcase name="groupNavLink6Test" time="0.0" classname="com.eurofins.testcases.HomePageTest">
    <skipped/>
  </testcase> <!-- groupNavLink6Test -->
  <testcase name="mainNavLink1Test" time="0.0" classname="com.eurofins.testcases.HomePageTest">
    <skipped/>
  </testcase> <!-- mainNavLink1Test -->
  <testcase name="mainNav1SubNavLink1Test" time="0.0" classname="com.eurofins.testcases.HomePageTest">
    <skipped/>
  </testcase> <!-- mainNav1SubNavLink1Test -->
  <testcase name="mainNav1SubNavLink2Test" time="0.0" classname="com.eurofins.testcases.HomePageTest">
    <skipped/>
  </testcase> <!-- mainNav1SubNavLink2Test -->
  <testcase name="mainNav1SubNavLink3Test" time="0.0" classname="com.eurofins.testcases.HomePageTest">
    <skipped/>
  </testcase> <!-- mainNav1SubNavLink3Test -->
  <testcase name="mainNav1SubNavLink4Test" time="0.0" classname="com.eurofins.testcases.HomePageTest">
    <skipped/>
  </testcase> <!-- mainNav1SubNavLink4Test -->
  <testcase name="mainNav1SubNavLink5Test" time="0.0" classname="com.eurofins.testcases.HomePageTest">
    <skipped/>
  </testcase> <!-- mainNav1SubNavLink5Test -->
  <testcase name="mainNav1SubNavLink6Test" time="0.0" classname="com.eurofins.testcases.HomePageTest">
    <skipped/>
  </testcase> <!-- mainNav1SubNavLink6Test -->
  <testcase name="mainNav1SubNavLink7Test" time="0.0" classname="com.eurofins.testcases.HomePageTest">
    <skipped/>
  </testcase> <!-- mainNav1SubNavLink7Test -->
  <testcase name="mainNav1SubNavLink8Test" time="0.0" classname="com.eurofins.testcases.HomePageTest">
    <skipped/>
  </testcase> <!-- mainNav1SubNavLink8Test -->
  <testcase name="mainNav1SubNavLink9Test" time="0.0" classname="com.eurofins.testcases.HomePageTest">
    <skipped/>
  </testcase> <!-- mainNav1SubNavLink9Test -->
  <testcase name="mainNav1SubNavLink10Test" time="0.0" classname="com.eurofins.testcases.HomePageTest">
    <skipped/>
  </testcase> <!-- mainNav1SubNavLink10Test -->
  <testcase name="mainNav1SubNavLink11Test" time="0.0" classname="com.eurofins.testcases.HomePageTest">
    <skipped/>
  </testcase> <!-- mainNav1SubNavLink11Test -->
  <testcase name="mainNav1SubNavLink12Test" time="0.0" classname="com.eurofins.testcases.HomePageTest">
    <skipped/>
  </testcase> <!-- mainNav1SubNavLink12Test -->
  <testcase name="mainNav1SubNavLink13Test" time="0.0" classname="com.eurofins.testcases.HomePageTest">
    <skipped/>
  </testcase> <!-- mainNav1SubNavLink13Test -->
  <testcase name="mainNav1SubNavLink14Test" time="0.0" classname="com.eurofins.testcases.HomePageTest">
    <skipped/>
  </testcase> <!-- mainNav1SubNavLink14Test -->
  <testcase name="mainNav1SubNavLink15Test" time="0.0" classname="com.eurofins.testcases.HomePageTest">
    <skipped/>
  </testcase> <!-- mainNav1SubNavLink15Test -->
  <testcase name="mainNav1SubNavLink16Test" time="0.0" classname="com.eurofins.testcases.HomePageTest">
    <skipped/>
  </testcase> <!-- mainNav1SubNavLink16Test -->
  <testcase name="mainNav1SubNavLink17Test" time="0.0" classname="com.eurofins.testcases.HomePageTest">
    <skipped/>
  </testcase> <!-- mainNav1SubNavLink17Test -->
  <testcase name="mainNav1SubNavLink18Test" time="0.0" classname="com.eurofins.testcases.HomePageTest">
    <skipped/>
  </testcase> <!-- mainNav1SubNavLink18Test -->
  <testcase name="mainNavLink2Test" time="0.0" classname="com.eurofins.testcases.HomePageTest">
    <skipped/>
  </testcase> <!-- mainNavLink2Test -->
  <testcase name="mainNav2SubNavLink1Test" time="0.0" classname="com.eurofins.testcases.HomePageTest">
    <skipped/>
  </testcase> <!-- mainNav2SubNavLink1Test -->
  <testcase name="mainNav2SubNavLink2Test" time="0.0" classname="com.eurofins.testcases.HomePageTest">
    <skipped/>
  </testcase> <!-- mainNav2SubNavLink2Test -->
  <testcase name="mainNav2SubNavLink3Test" time="0.0" classname="com.eurofins.testcases.HomePageTest">
    <skipped/>
  </testcase> <!-- mainNav2SubNavLink3Test -->
  <testcase name="mainNav2SubNavLink4Test" time="0.0" classname="com.eurofins.testcases.HomePageTest">
    <skipped/>
  </testcase> <!-- mainNav2SubNavLink4Test -->
  <testcase name="mainNav2SubNavLink5Test" time="0.0" classname="com.eurofins.testcases.HomePageTest">
    <skipped/>
  </testcase> <!-- mainNav2SubNavLink5Test -->
  <testcase name="mainNav2SubNavLink6Test" time="0.0" classname="com.eurofins.testcases.HomePageTest">
    <skipped/>
  </testcase> <!-- mainNav2SubNavLink6Test -->
  <testcase name="mainNav2SubNavLink7Test" time="0.0" classname="com.eurofins.testcases.HomePageTest">
    <skipped/>
  </testcase> <!-- mainNav2SubNavLink7Test -->
  <testcase name="mainNav2SubNavLink8Test" time="0.0" classname="com.eurofins.testcases.HomePageTest">
    <skipped/>
  </testcase> <!-- mainNav2SubNavLink8Test -->
  <testcase name="mainNavLink3Test" time="0.0" classname="com.eurofins.testcases.HomePageTest">
    <skipped/>
  </testcase> <!-- mainNavLink3Test -->
  <testcase name="mainNav3SubNavLink1Test" time="0.0" classname="com.eurofins.testcases.HomePageTest">
    <skipped/>
  </testcase> <!-- mainNav3SubNavLink1Test -->
  <testcase name="mainNav3SubNavLink2Test" time="0.0" classname="com.eurofins.testcases.HomePageTest">
    <skipped/>
  </testcase> <!-- mainNav3SubNavLink2Test -->
  <testcase name="mainNav3SubNavLink3Test" time="0.0" classname="com.eurofins.testcases.HomePageTest">
    <skipped/>
  </testcase> <!-- mainNav3SubNavLink3Test -->
  <testcase name="mainNav3SubNavLink4Test" time="0.0" classname="com.eurofins.testcases.HomePageTest">
    <skipped/>
  </testcase> <!-- mainNav3SubNavLink4Test -->
  <testcase name="mainNav3SubNavLink5Test" time="0.0" classname="com.eurofins.testcases.HomePageTest">
    <skipped/>
  </testcase> <!-- mainNav3SubNavLink5Test -->
  <testcase name="mainNav3SubNavLink6Test" time="0.0" classname="com.eurofins.testcases.HomePageTest">
    <skipped/>
  </testcase> <!-- mainNav3SubNavLink6Test -->
  <testcase name="mainNav3SubNavLink7Test" time="0.0" classname="com.eurofins.testcases.HomePageTest">
    <skipped/>
  </testcase> <!-- mainNav3SubNavLink7Test -->
  <testcase name="mainNav3SubNavLink8Test" time="0.0" classname="com.eurofins.testcases.HomePageTest">
    <skipped/>
  </testcase> <!-- mainNav3SubNavLink8Test -->
  <testcase name="mainNav3SubNavLink9Test" time="0.0" classname="com.eurofins.testcases.HomePageTest">
    <skipped/>
  </testcase> <!-- mainNav3SubNavLink9Test -->
  <testcase name="mainNav3SubNavLink10Test" time="0.0" classname="com.eurofins.testcases.HomePageTest">
    <skipped/>
  </testcase> <!-- mainNav3SubNavLink10Test -->
  <testcase name="mainNav3SubNavLink11Test" time="0.0" classname="com.eurofins.testcases.HomePageTest">
    <skipped/>
  </testcase> <!-- mainNav3SubNavLink11Test -->
  <testcase name="mainNavLink4Test" time="0.0" classname="com.eurofins.testcases.HomePageTest">
    <skipped/>
  </testcase> <!-- mainNavLink4Test -->
  <testcase name="mainNav4SubNavLink1Test" time="0.0" classname="com.eurofins.testcases.HomePageTest">
    <skipped/>
  </testcase> <!-- mainNav4SubNavLink1Test -->
  <testcase name="mainNav4SubNavLink2Test" time="0.0" classname="com.eurofins.testcases.HomePageTest">
    <skipped/>
  </testcase> <!-- mainNav4SubNavLink2Test -->
  <testcase name="mainNav4SubNavLink3Test" time="0.0" classname="com.eurofins.testcases.HomePageTest">
    <skipped/>
  </testcase> <!-- mainNav4SubNavLink3Test -->
  <testcase name="mainNav4SubNavLink4Test" time="0.0" classname="com.eurofins.testcases.HomePageTest">
    <skipped/>
  </testcase> <!-- mainNav4SubNavLink4Test -->
  <testcase name="mainNav4SubNavLink10Test" time="0.0" classname="com.eurofins.testcases.HomePageTest">
    <skipped/>
  </testcase> <!-- mainNav4SubNavLink10Test -->
  <testcase name="mainNav4SubNavLink11Test" time="0.0" classname="com.eurofins.testcases.HomePageTest">
    <skipped/>
  </testcase> <!-- mainNav4SubNavLink11Test -->
  <testcase name="mainNav4SubNavLink12Test" time="0.0" classname="com.eurofins.testcases.HomePageTest">
    <skipped/>
  </testcase> <!-- mainNav4SubNavLink12Test -->
  <testcase name="mainNav4SubNavLink13Test" time="0.0" classname="com.eurofins.testcases.HomePageTest">
    <skipped/>
  </testcase> <!-- mainNav4SubNavLink13Test -->
  <testcase name="mainNav4SubNavLink5Test" time="0.0" classname="com.eurofins.testcases.HomePageTest">
    <skipped/>
  </testcase> <!-- mainNav4SubNavLink5Test -->
  <testcase name="mainNav4SubNavLink6Test" time="0.0" classname="com.eurofins.testcases.HomePageTest">
    <skipped/>
  </testcase> <!-- mainNav4SubNavLink6Test -->
  <testcase name="mainNav4SubNavLink7Test" time="0.0" classname="com.eurofins.testcases.HomePageTest">
    <skipped/>
  </testcase> <!-- mainNav4SubNavLink7Test -->
  <testcase name="mainNav4SubNavLink8Test" time="0.0" classname="com.eurofins.testcases.HomePageTest">
    <skipped/>
  </testcase> <!-- mainNav4SubNavLink8Test -->
  <testcase name="mainNav4SubNavLink9Test" time="0.0" classname="com.eurofins.testcases.HomePageTest">
    <skipped/>
  </testcase> <!-- mainNav4SubNavLink9Test -->
  <testcase name="mainNav5SubNavLink10Test" time="0.0" classname="com.eurofins.testcases.HomePageTest">
    <skipped/>
  </testcase> <!-- mainNav5SubNavLink10Test -->
  <testcase name="mainNav5SubNavLink11Test" time="0.0" classname="com.eurofins.testcases.HomePageTest">
    <skipped/>
  </testcase> <!-- mainNav5SubNavLink11Test -->
  <testcase name="mainNav5SubNavLink12Test" time="0.0" classname="com.eurofins.testcases.HomePageTest">
    <skipped/>
  </testcase> <!-- mainNav5SubNavLink12Test -->
  <testcase name="mainNav5SubNavLink13Test" time="0.0" classname="com.eurofins.testcases.HomePageTest">
    <skipped/>
  </testcase> <!-- mainNav5SubNavLink13Test -->
  <testcase name="mainNav5SubNavLink1Test" time="0.0" classname="com.eurofins.testcases.HomePageTest">
    <skipped/>
  </testcase> <!-- mainNav5SubNavLink1Test -->
  <testcase name="mainNav5SubNavLink2Test" time="0.0" classname="com.eurofins.testcases.HomePageTest">
    <skipped/>
  </testcase> <!-- mainNav5SubNavLink2Test -->
  <testcase name="mainNav5SubNavLink3Test" time="0.0" classname="com.eurofins.testcases.HomePageTest">
    <skipped/>
  </testcase> <!-- mainNav5SubNavLink3Test -->
  <testcase name="mainNav5SubNavLink4Test" time="0.0" classname="com.eurofins.testcases.HomePageTest">
    <skipped/>
  </testcase> <!-- mainNav5SubNavLink4Test -->
  <testcase name="mainNav5SubNavLink5Test" time="0.0" classname="com.eurofins.testcases.HomePageTest">
    <skipped/>
  </testcase> <!-- mainNav5SubNavLink5Test -->
  <testcase name="mainNav5SubNavLink6Test" time="0.0" classname="com.eurofins.testcases.HomePageTest">
    <skipped/>
  </testcase> <!-- mainNav5SubNavLink6Test -->
  <testcase name="mainNav5SubNavLink7Test" time="0.0" classname="com.eurofins.testcases.HomePageTest">
    <skipped/>
  </testcase> <!-- mainNav5SubNavLink7Test -->
  <testcase name="mainNav5SubNavLink8Test" time="0.0" classname="com.eurofins.testcases.HomePageTest">
    <skipped/>
  </testcase> <!-- mainNav5SubNavLink8Test -->
  <testcase name="mainNav5SubNavLink9Test" time="0.0" classname="com.eurofins.testcases.HomePageTest">
    <skipped/>
  </testcase> <!-- mainNav5SubNavLink9Test -->
  <testcase name="mainNavLink5Test" time="0.0" classname="com.eurofins.testcases.HomePageTest">
    <skipped/>
  </testcase> <!-- mainNavLink5Test -->
  <testcase name="mainNavLink6Test" time="0.0" classname="com.eurofins.testcases.HomePageTest">
    <skipped/>
  </testcase> <!-- mainNavLink6Test -->
  <testcase name="mainNav6SubNavLink1Test" time="0.0" classname="com.eurofins.testcases.HomePageTest">
    <skipped/>
  </testcase> <!-- mainNav6SubNavLink1Test -->
  <testcase name="mainNav6SubNavLink2Test" time="0.0" classname="com.eurofins.testcases.HomePageTest">
    <skipped/>
  </testcase> <!-- mainNav6SubNavLink2Test -->
  <testcase name="mainNav6SubNavLink3Test" time="0.0" classname="com.eurofins.testcases.HomePageTest">
    <skipped/>
  </testcase> <!-- mainNav6SubNavLink3Test -->
  <testcase name="mainNavLink7Test" time="0.0" classname="com.eurofins.testcases.HomePageTest">
    <skipped/>
  </testcase> <!-- mainNavLink7Test -->
  <testcase name="mainNav7SubNavLink1Test" time="0.0" classname="com.eurofins.testcases.HomePageTest">
    <skipped/>
  </testcase> <!-- mainNav7SubNavLink1Test -->
  <testcase name="mainNav7SubNavLink2Test" time="0.0" classname="com.eurofins.testcases.HomePageTest">
    <skipped/>
  </testcase> <!-- mainNav7SubNavLink2Test -->
  <testcase name="firstBlueImageTest" time="0.0" classname="com.eurofins.testcases.HomePageTest">
    <skipped/>
  </testcase> <!-- firstBlueImageTest -->
  <testcase name="secondBlueImageTest" time="0.0" classname="com.eurofins.testcases.HomePageTest">
    <skipped/>
  </testcase> <!-- secondBlueImageTest -->
  <testcase name="thirdBlueImageTest" time="0.0" classname="com.eurofins.testcases.HomePageTest">
    <skipped/>
  </testcase> <!-- thirdBlueImageTest -->
  <testcase name="majorNavLink1Test" time="0.0" classname="com.eurofins.testcases.HomePageTest">
    <skipped/>
  </testcase> <!-- majorNavLink1Test -->
  <testcase name="majorNavLink2Test" time="0.0" classname="com.eurofins.testcases.HomePageTest">
    <skipped/>
  </testcase> <!-- majorNavLink2Test -->
  <testcase name="majorNavLink3Test" time="0.0" classname="com.eurofins.testcases.HomePageTest">
    <skipped/>
  </testcase> <!-- majorNavLink3Test -->
  <testcase name="orangeNavLink1Test" time="0.0" classname="com.eurofins.testcases.HomePageTest">
    <skipped/>
  </testcase> <!-- orangeNavLink1Test -->
  <testcase name="orangeNavLink2Test" time="0.0" classname="com.eurofins.testcases.HomePageTest">
    <skipped/>
  </testcase> <!-- orangeNavLink2Test -->
  <testcase name="orangeNavLink3Test" time="0.0" classname="com.eurofins.testcases.HomePageTest">
    <skipped/>
  </testcase> <!-- orangeNavLink3Test -->
  <testcase name="orangeNavLink4Test" time="0.0" classname="com.eurofins.testcases.HomePageTest">
    <skipped/>
  </testcase> <!-- orangeNavLink4Test -->
  <testcase name="orangeNavLink5Test" time="0.0" classname="com.eurofins.testcases.HomePageTest">
    <skipped/>
  </testcase> <!-- orangeNavLink5Test -->
  <testcase name="orangeNavLink6Test" time="0.0" classname="com.eurofins.testcases.HomePageTest">
    <skipped/>
  </testcase> <!-- orangeNavLink6Test -->
  <testcase name="orangeNavLink7Test" time="0.0" classname="com.eurofins.testcases.HomePageTest">
    <skipped/>
  </testcase> <!-- orangeNavLink7Test -->
  <testcase name="orangeNavLink8Test" time="0.0" classname="com.eurofins.testcases.HomePageTest">
    <skipped/>
  </testcase> <!-- orangeNavLink8Test -->
  <testcase name="orangeNavLink9Test" time="0.0" classname="com.eurofins.testcases.HomePageTest">
    <skipped/>
  </testcase> <!-- orangeNavLink9Test -->
  <testcase name="orangeNavLink10Test" time="0.0" classname="com.eurofins.testcases.HomePageTest">
    <skipped/>
  </testcase> <!-- orangeNavLink10Test -->
  <testcase name="orangeNavLink11Test" time="0.0" classname="com.eurofins.testcases.HomePageTest">
    <skipped/>
  </testcase> <!-- orangeNavLink11Test -->
  <testcase name="orangeNavLink12Test" time="0.0" classname="com.eurofins.testcases.HomePageTest">
    <skipped/>
  </testcase> <!-- orangeNavLink12Test -->
  <testcase name="footerNavLink1Test" time="0.0" classname="com.eurofins.testcases.HomePageTest">
    <skipped/>
  </testcase> <!-- footerNavLink1Test -->
  <testcase name="footerNavLink2Test" time="0.0" classname="com.eurofins.testcases.HomePageTest">
    <skipped/>
  </testcase> <!-- footerNavLink2Test -->
  <testcase name="footerNavLink3Test" time="0.0" classname="com.eurofins.testcases.HomePageTest">
    <skipped/>
  </testcase> <!-- footerNavLink3Test -->
  <testcase name="footerNavLink4Test" time="0.0" classname="com.eurofins.testcases.HomePageTest">
    <skipped/>
  </testcase> <!-- footerNavLink4Test -->
  <testcase name="footerNavLink5Test" time="0.0" classname="com.eurofins.testcases.HomePageTest">
    <skipped/>
  </testcase> <!-- footerNavLink5Test -->
  <testcase name="footerNavLink6Test" time="0.0" classname="com.eurofins.testcases.HomePageTest">
    <skipped/>
  </testcase> <!-- footerNavLink6Test -->
  <testcase name="footerNavLink7Test" time="0.0" classname="com.eurofins.testcases.HomePageTest">
    <skipped/>
  </testcase> <!-- footerNavLink7Test -->
  <testcase name="footerNavLink8Test" time="0.0" classname="com.eurofins.testcases.HomePageTest">
    <skipped/>
  </testcase> <!-- footerNavLink8Test -->
  <testcase name="footerNavLink9Test" time="0.0" classname="com.eurofins.testcases.HomePageTest">
    <skipped/>
  </testcase> <!-- footerNavLink9Test -->
  <testcase name="footerNavLink10Test" time="0.0" classname="com.eurofins.testcases.HomePageTest">
    <skipped/>
  </testcase> <!-- footerNavLink10Test -->
  <testcase name="footerBottomLogoTest" time="0.0" classname="com.eurofins.testcases.HomePageTest">
    <skipped/>
  </testcase> <!-- footerBottomLogoTest -->
  <testcase name="copyrightMessageTxtTest" time="0.0" classname="com.eurofins.testcases.HomePageTest">
    <skipped/>
  </testcase> <!-- copyrightMessageTxtTest -->
  <testcase name="LastUpdatedTxtTest" time="0.0" classname="com.eurofins.testcases.HomePageTest">
    <skipped/>
  </testcase> <!-- LastUpdatedTxtTest -->
</testsuite> <!-- Corporate Website Automation Prod -->
